Start auto log messages stack - Iteration 3.	[MsgId: MMSG-10545]
Action.c(35): web_add_header("Sec-Fetch-Site") was successful  	[MsgId: MMSG-26392]
Action.c(38): web_add_header("Sec-Fetch-User") started  	[MsgId: MMSG-26355]
Action.c(38): web_add_header("Sec-Fetch-User") was successful  	[MsgId: MMSG-26392]
Action.c(41): web_add_auto_header("Sec-GPC") started  	[MsgId: MMSG-26355]
Action.c(41): web_add_auto_header("Sec-GPC") was successful  	[MsgId: MMSG-26392]
Action.c(44): web_add_header("Upgrade-Insecure-Requests") started  	[MsgId: MMSG-26355]
Action.c(44): web_add_header("Upgrade-Insecure-Requests") was successful  	[MsgId: MMSG-26392]
Action.c(47): web_url("dev-boomq.pflb.ru") started  	[MsgId: MMSG-26355]
Action.c(47): Error -27792: Failed to connect to server "dev-boomq.pflb.ru:443": [10060] Connection timed out  	[MsgId: MERR-27792]
End auto log messages stack.	[MsgId: MMSG-10544]


Start auto log messages stack - Iteration 5.	[MsgId: MMSG-10545]
Action.c(319): Registering web_reg_save_param_json was successful  	[MsgId: MMSG-26390]
Action.c(325): web_add_header("Content-Type") started  	[MsgId: MMSG-26355]
Action.c(325): Warning -26594: The header being added may cause unpredictable results if applied to ALL the URLs generated on behalf of the next script function. It will apply to the primary URL only.  	[MsgId: MWAR-26594]
Action.c(325): web_add_header("Content-Type") highest severity level was "warning"  	[MsgId: MMSG-26391]
Action.c(328): web_custom_request("teamMember_5") started  	[MsgId: MMSG-26355]
Action.c(328): Connection to dev-boomq.pflb.ru:443 closed after being inactive for 65 seconds, exceeding the "HTTP Keep-Alive timeout" Runtime Setting (60 seconds). URL="[None]"  	[MsgId: MMSG-27647]
Action.c(328): Error -27792: Failed to connect to server "dev-boomq.pflb.ru:443": [10060] Connection timed out  	[MsgId: MERR-27792]
Action.c(328): Error -35060: No matches were found for the specified query: "$..inviteUrl"  	[MsgId: MERR-35060]
End auto log messages stack.	[MsgId: MMSG-10544]


