Virtual User Script started at: 07.09.2024 14:04:38
Starting action vuser_init.
Web Turbo Replay of LoadRunner 2024.1.0 for Windows 11; build 667 (фев 07 2024 17:45:41)  	[MsgId: MMSG-26983]
Run mode: HTML  	[MsgId: MMSG-26993]
Replay user agent: Mozilla/5.0 (compatible; MSIE 10.0; Windows NT 6.1; Trident/6.0)  	[MsgId: MMSG-26988]
Runtime Settings file: "C:\DZ_Load_Runner\GROUP_2_Project\запуск 7 09.09.2024\UC01_Boomq_Registration\\default.cfg"  	[MsgId: MMSG-27141]
Ending action vuser_init.
Running Vuser...
Starting iteration 1.
Maximum number of concurrent connections per server: 6  	[MsgId: MMSG-26989]
Starting action Action.
Action.c(21): web_set_sockets_option started  	[MsgId: MMSG-26355]
Action.c(21): web_set_sockets_option was successful  	[MsgId: MMSG-26392]
Action.c(23): web_add_header("Priority") started  	[MsgId: MMSG-26355]
Action.c(23): web_add_header("Priority") was successful  	[MsgId: MMSG-26392]
Action.c(26): web_add_header("DNT") started  	[MsgId: MMSG-26355]
Action.c(26): web_add_header("DNT") was successful  	[MsgId: MMSG-26392]
Action.c(29): web_add_header("Sec-Fetch-Dest") started  	[MsgId: MMSG-26355]
Action.c(29): web_add_header("Sec-Fetch-Dest") was successful  	[MsgId: MMSG-26392]
Action.c(32): web_add_header("Sec-Fetch-Mode") started  	[MsgId: MMSG-26355]
Action.c(32): web_add_header("Sec-Fetch-Mode") was successful  	[MsgId: MMSG-26392]
Action.c(35): web_add_header("Sec-Fetch-Site") started  	[MsgId: MMSG-26355]
Action.c(35): web_add_header("Sec-Fetch-Site") was successful  	[MsgId: MMSG-26392]
Action.c(38): web_add_header("Sec-Fetch-User") started  	[MsgId: MMSG-26355]
Action.c(38): web_add_header("Sec-Fetch-User") was successful  	[MsgId: MMSG-26392]
Action.c(41): web_add_auto_header("Sec-GPC") started  	[MsgId: MMSG-26355]
Action.c(41): web_add_auto_header("Sec-GPC") was successful  	[MsgId: MMSG-26392]
Action.c(44): web_add_header("Upgrade-Insecure-Requests") started  	[MsgId: MMSG-26355]
Action.c(44): web_add_header("Upgrade-Insecure-Requests") was successful  	[MsgId: MMSG-26392]
Action.c(47): web_url("dev-boomq.pflb.ru") started  	[MsgId: MMSG-26355]
Action.c(47): Found resource "https://dev-boomq.pflb.ru/static/js/main.cddf1824.js" in HTML "https://dev-boomq.pflb.ru/"  	[MsgId: MMSG-26659]
Action.c(47): Found resource "https://dev-boomq.pflb.ru/static/css/main.64a4c65b.css" in HTML "https://dev-boomq.pflb.ru/"  	[MsgId: MMSG-26659]
Action.c(47): web_url("dev-boomq.pflb.ru") was successful, 3626187 body bytes, 835 header bytes  	[MsgId: MMSG-26386]
Action.c(56): web_add_auto_header("Priority") started  	[MsgId: MMSG-26355]
Action.c(56): web_add_auto_header("Priority") was successful  	[MsgId: MMSG-26392]
Action.c(59): web_url("dev-boomq.pflb.ru_2") started  	[MsgId: MMSG-26355]
Action.c(59): Downloading resource "https://dev-boomq.pflb.ru/static/media/loading.b59fa25397e07d75b9ac55ace151e625.svg" (specified by argument number 9)  	[MsgId: MMSG-26576]
Action.c(59): Downloading resource "https://dev-boomq.pflb.ru/static/media/Montserrat-Regular.3db65dc4b858f0fed4fb.woff" (specified by argument number 12)  	[MsgId: MMSG-26576]
Action.c(59): Downloading resource "https://dev-boomq.pflb.ru/static/media/logo.f5ae2890e77693e018920d4ad41c643c.svg" (specified by argument number 15)  	[MsgId: MMSG-26576]
Action.c(59): Downloading resource "https://dev-boomq.pflb.ru/static/media/Montserrat-Bold.180ba33d8de7dcfe80a0.woff" (specified by argument number 18)  	[MsgId: MMSG-26576]
Action.c(59): Downloading resource "https://dev-boomq.pflb.ru/static/media/Montserrat-Medium.d42dad28f6470e5162c2.woff" (specified by argument number 21)  	[MsgId: MMSG-26576]
Action.c(59): Downloading resource "https://dev-boomq.pflb.ru/static/media/Montserrat-SemiBold.197213592de7a2a62e06.woff" (specified by argument number 24)  	[MsgId: MMSG-26576]
Action.c(59): Redirecting "http://dev-boomq.pflb.ru/" (redirection depth is 0)  	[MsgId: MMSG-26694]
Action.c(59): To location "https://dev-boomq.pflb.ru/"  	[MsgId: MMSG-26693]
Action.c(59): Retrieving data from cache for "https://dev-boomq.pflb.ru/"  	[MsgId: MMSG-26557]
Action.c(59): Resource "https://dev-boomq.pflb.ru/static/js/main.cddf1824.js" is in the cache already and will not be downloaded again  	[MsgId: MMSG-26655]
Action.c(59): Resource "https://dev-boomq.pflb.ru/static/css/main.64a4c65b.css" is in the cache already and will not be downloaded again  	[MsgId: MMSG-26655]
Action.c(59): web_url("dev-boomq.pflb.ru_2") was successful, 564643 body bytes, 1792 header bytes  	[MsgId: MMSG-26386]
Action.c(75): Notify: Transaction "UC01_TR01_Authorization" started.
Action.c(77): web_remove_auto_header("Priority") started  	[MsgId: MMSG-26355]
Action.c(77): Previous automatically added web header for "Priority" removed  	[MsgId: MMSG-26586]
Action.c(77): web_remove/revert_auto_header("Priority") was successful  	[MsgId: MMSG-26392]
Action.c(79): web_add_auto_header("DNT") started  	[MsgId: MMSG-26355]
Action.c(79): web_add_auto_header("DNT") was successful  	[MsgId: MMSG-26392]
Action.c(82): web_add_header("Origin") started  	[MsgId: MMSG-26355]
Action.c(82): web_add_header("Origin") was successful  	[MsgId: MMSG-26392]
Action.c(85): web_add_auto_header("Sec-Fetch-Dest") started  	[MsgId: MMSG-26355]
Action.c(85): web_add_auto_header("Sec-Fetch-Dest") was successful  	[MsgId: MMSG-26392]
Action.c(88): web_add_auto_header("Sec-Fetch-Mode") started  	[MsgId: MMSG-26355]
Action.c(88): web_add_auto_header("Sec-Fetch-Mode") was successful  	[MsgId: MMSG-26392]
Action.c(91): web_add_auto_header("Sec-Fetch-Site") started  	[MsgId: MMSG-26355]
Action.c(91): web_add_auto_header("Sec-Fetch-Site") was successful  	[MsgId: MMSG-26392]
Action.c(94): web_add_header("X-Client-Date") started  	[MsgId: MMSG-26355]
Action.c(94): web_add_header("X-Client-Date") was successful  	[MsgId: MMSG-26392]
Action.c(98): web_set_max_html_param_len started  	[MsgId: MMSG-26355]
Action.c(98): web_set_max_html_param_len was successful  	[MsgId: MMSG-26392]
Action.c(101): web_reg_save_param started  	[MsgId: MMSG-26355]
Action.c(101): Registering web_reg_save_param was successful  	[MsgId: MMSG-26390]
Action.c(106): web_submit_data("login") started  	[MsgId: MMSG-26355]
Action.c(106): web_submit_data("login") was successful, 0 body bytes, 1965 header bytes  	[MsgId: MMSG-26386]
Action.c(119): web_add_auto_header("Authorization") started  	[MsgId: MMSG-26355]
Action.c(119): Warning -26592: The header being added may cause unpredictable results when applied to all ensuing URLs. It is added anyway  	[MsgId: MWAR-26592]
Action.c(119): web_add_auto_header("Authorization") highest severity level was "warning"  	[MsgId: MMSG-26391]
Action.c(122): web_url("config.json") started  	[MsgId: MMSG-26355]
Action.c(122): web_url("config.json") was successful, 285 body bytes, 267 header bytes  	[MsgId: MMSG-26386]
Action.c(131): web_url("modelSchema") started  	[MsgId: MMSG-26355]
Action.c(131): web_url("modelSchema") was successful, 66848 body bytes, 427 header bytes  	[MsgId: MMSG-26386]
Action.c(140): web_reg_save_param_json started  	[MsgId: MMSG-26355]
Action.c(140): Registering web_reg_save_param_json was successful  	[MsgId: MMSG-26390]
Action.c(146): web_url("user") started  	[MsgId: MMSG-26355]
Action.c(146): web_url("user") was successful, 177 body bytes, 492 header bytes  	[MsgId: MMSG-26386]
Action.c(155): web_url("identityProvider") started  	[MsgId: MMSG-26355]
Action.c(155): web_url("identityProvider") was successful, 2 body bytes, 492 header bytes  	[MsgId: MMSG-26386]
Action.c(164): web_url("team") started  	[MsgId: MMSG-26355]
Action.c(164): web_url("team") was successful, 588 body bytes, 492 header bytes  	[MsgId: MMSG-26386]
Action.c(173): web_reg_save_param started  	[MsgId: MMSG-26355]
Action.c(173): Registering web_reg_save_param was successful  	[MsgId: MMSG-26390]
Action.c(178): web_url("teamContext") started  	[MsgId: MMSG-26355]
Action.c(178): web_url("teamContext") was successful, 314 body bytes, 2998 header bytes  	[MsgId: MMSG-26386]
Action.c(187): web_add_auto_header("Authorization") started  	[MsgId: MMSG-26355]
Action.c(187): Warning -26592: The header being added may cause unpredictable results when applied to all ensuing URLs. It is added anyway  	[MsgId: MWAR-26592]
Action.c(187): web_add_auto_header("Authorization") highest severity level was "warning"  	[MsgId: MMSG-26391]
Action.c(190): web_url("testRunner") started  	[MsgId: MMSG-26355]
Action.c(190): web_url("testRunner") was successful, 534 body bytes, 338 header bytes  	[MsgId: MMSG-26386]
Action.c(199): web_add_header("Origin") started  	[MsgId: MMSG-26355]
Action.c(199): web_add_header("Origin") was successful  	[MsgId: MMSG-26392]
Action.c(202): web_add_header("Content-Type") started  	[MsgId: MMSG-26355]
Action.c(202): Warning -26593: The header being added may cause unpredictable results if applied to ALL the URLs generated on behalf of the next script function. It will apply to the primary URL only.  	[MsgId: MWAR-26593]
Action.c(202): web_add_header("Content-Type") highest severity level was "warning"  	[MsgId: MMSG-26391]
Action.c(205): web_custom_request("user_2") started  	[MsgId: MMSG-26355]
Action.c(205): web_custom_request("user_2") was successful, 177 body bytes, 492 header bytes  	[MsgId: MMSG-26386]
Action.c(216): web_url("13") started  	[MsgId: MMSG-26355]
Action.c(216): web_url("13") was successful, 274 body bytes, 492 header bytes  	[MsgId: MMSG-26386]
Action.c(225): Notify: Transaction "UC01_TR01_Authorization" ended with a "Pass" status (Duration: 1,6551 Wasted Time: 0,0636).
Action.c(227): lr_think_time: 5,00 seconds.
Action.c(229): Notify: Transaction "UC01_TR02_Group" started.
Action.c(231): web_add_auto_header("Priority") started  	[MsgId: MMSG-26355]
Action.c(231): web_add_auto_header("Priority") was successful  	[MsgId: MMSG-26392]
Action.c(234): web_reg_save_param_json started  	[MsgId: MMSG-26355]
Action.c(234): Registering web_reg_save_param_json was successful  	[MsgId: MMSG-26390]
Action.c(240): web_url("team_2") started  	[MsgId: MMSG-26355]
Action.c(240): web_url("team_2") was successful, 588 body bytes, 492 header bytes  	[MsgId: MMSG-26386]
Action.c(249): web_url("13_2") started  	[MsgId: MMSG-26355]
Action.c(249): web_url("13_2") was successful, 274 body bytes, 492 header bytes  	[MsgId: MMSG-26386]
Action.c(258): web_remove_auto_header("Priority") started  	[MsgId: MMSG-26355]
Action.c(258): Previous automatically added web header for "Priority" removed  	[MsgId: MMSG-26586]
Action.c(258): web_remove/revert_auto_header("Priority") was successful  	[MsgId: MMSG-26392]
Action.c(269): Notify: Transaction "UC01_TR02_Group" ended with a "Pass" status (Duration: 0,3887 Wasted Time: 0,0096).
Action.c(271): lr_think_time: 5,00 seconds.
Action.c(273): Notify: Transaction "UC01_TR03_Add_New_Team_Member" started.
Action.c(275): web_add_header("Origin") started  	[MsgId: MMSG-26355]
Action.c(275): web_add_header("Origin") was successful  	[MsgId: MMSG-26392]
Action.c(278): web_add_header("Priority") started  	[MsgId: MMSG-26355]
Action.c(278): web_add_header("Priority") was successful  	[MsgId: MMSG-26392]
Action.c(281): web_reg_save_param_json started  	[MsgId: MMSG-26355]
Action.c(281): Registering web_reg_save_param_json was successful  	[MsgId: MMSG-26390]
Action.c(287): web_reg_save_param_json started  	[MsgId: MMSG-26355]
Action.c(287): Registering web_reg_save_param_json was successful  	[MsgId: MMSG-26390]
Action.c(293): web_custom_request("teamMember_2") started  	[MsgId: MMSG-26355]
Action.c(293): web_custom_request("teamMember_2") was successful, 496 body bytes, 492 header bytes  	[MsgId: MMSG-26386]
Action.c(305): Notify: Transaction "UC01_TR03_Add_New_Team_Member" ended with a "Pass" status (Duration: 0,3896 Wasted Time: 0,0092).
Action.c(307): lr_think_time: 5,00 seconds.
Action.c(309): Notify: Transaction "UC01_TR04_Copy_Link" started.
Action.c(311): web_add_auto_header("Priority") started  	[MsgId: MMSG-26355]
Action.c(311): web_add_auto_header("Priority") was successful  	[MsgId: MMSG-26392]
Action.c(314): web_add_header("Origin") started  	[MsgId: MMSG-26355]
Action.c(314): web_add_header("Origin") was successful  	[MsgId: MMSG-26392]
Action.c(318): web_reg_save_param_json started  	[MsgId: MMSG-26355]
Action.c(318): Registering web_reg_save_param_json was successful  	[MsgId: MMSG-26390]
Action.c(324): web_add_header("Content-Type") started  	[MsgId: MMSG-26355]
Action.c(324): Warning -26593: The header being added may cause unpredictable results if applied to ALL the URLs generated on behalf of the next script function. It will apply to the primary URL only.  	[MsgId: MWAR-26593]
Action.c(324): web_add_header("Content-Type") highest severity level was "warning"  	[MsgId: MMSG-26391]
Action.c(327): web_custom_request("teamMember_5") started  	[MsgId: MMSG-26355]
Action.c(327): web_custom_request("teamMember_5") was successful, 496 body bytes, 492 header bytes  	[MsgId: MMSG-26386]
Action.c(338): Notify: Transaction "UC01_TR04_Copy_Link" ended with a "Pass" status (Duration: 0,2635 Wasted Time: 0,0082).
Action.c(340): lr_think_time: 5,00 seconds.
Action.c(342): Notify: Transaction "UC01_TR05_New_Password" started.
Action.c(344): web_add_auto_header("Sec-Fetch-Dest") started  	[MsgId: MMSG-26355]
Action.c(344): web_add_auto_header("Sec-Fetch-Dest") was successful  	[MsgId: MMSG-26392]
Action.c(347): web_add_header("Sec-Fetch-Mode") started  	[MsgId: MMSG-26355]
Action.c(347): web_add_header("Sec-Fetch-Mode") was successful  	[MsgId: MMSG-26392]
Action.c(350): web_add_auto_header("Sec-Fetch-Site") started  	[MsgId: MMSG-26355]
Action.c(350): web_add_auto_header("Sec-Fetch-Site") was successful  	[MsgId: MMSG-26392]
Action.c(353): web_add_header("Priority") started  	[MsgId: MMSG-26355]
Action.c(353): web_add_header("Priority") was successful  	[MsgId: MMSG-26392]
Action.c(356): web_add_auto_header("DNT") started  	[MsgId: MMSG-26355]
Action.c(356): web_add_auto_header("DNT") was successful  	[MsgId: MMSG-26392]
Action.c(359): web_add_header("Sec-Fetch-User") started  	[MsgId: MMSG-26355]
Action.c(359): web_add_header("Sec-Fetch-User") was successful  	[MsgId: MMSG-26392]
Action.c(362): web_add_header("Upgrade-Insecure-Requests") started  	[MsgId: MMSG-26355]
Action.c(362): web_add_header("Upgrade-Insecure-Requests") was successful  	[MsgId: MMSG-26392]
Action.c(365): web_remove_auto_header("Authorization") started  	[MsgId: MMSG-26355]
Action.c(365): Previous automatically added web header for "Authorization" removed  	[MsgId: MMSG-26586]
Action.c(365): web_remove/revert_auto_header("Authorization") was successful  	[MsgId: MMSG-26392]
Action.c(368): web_reg_save_param started  	[MsgId: MMSG-26355]
Action.c(368): Registering web_reg_save_param was successful  	[MsgId: MMSG-26390]
Action.c(373): web_url("{reg_url}") started  	[MsgId: MMSG-26355]
Action.c(373): Redirecting "https://dev-boomq.pflb.ru/auth-srv/invite/oIfzgYsjjitQaY4eGzkkgtEGYdvlkdZDh8dCmAkjT46rdVwjpL_gIHGHfKy2KKreIF_TaohPOhan9Fh7MlTXYuGct4poVieaT5Gm26W61xdj9K9IfGrMx9BN3X7rsvuM" (redirection depth is 0)  	[MsgId: MMSG-26694]
Action.c(373): To location "https://dev-boomq.pflb.ru/change-password"  	[MsgId: MMSG-26693]
Action.c(373): Resource "https://dev-boomq.pflb.ru/static/js/main.cddf1824.js" is in the cache already and will not be downloaded again  	[MsgId: MMSG-26655]
Action.c(373): Resource "https://dev-boomq.pflb.ru/static/css/main.64a4c65b.css" is in the cache already and will not be downloaded again  	[MsgId: MMSG-26655]
Action.c(373): web_url("{reg_url}") was successful, 1489 body bytes, 1814 header bytes  	[MsgId: MMSG-26386]
Action.c(382): web_add_auto_header("Priority") started  	[MsgId: MMSG-26355]
Action.c(382): web_add_auto_header("Priority") was successful  	[MsgId: MMSG-26392]
Action.c(385): web_add_auto_header("Sec-Fetch-Dest") started  	[MsgId: MMSG-26355]
Action.c(385): web_add_auto_header("Sec-Fetch-Dest") was successful  	[MsgId: MMSG-26392]
Action.c(388): web_add_auto_header("Sec-Fetch-Mode") started  	[MsgId: MMSG-26355]
Action.c(388): web_add_auto_header("Sec-Fetch-Mode") was successful  	[MsgId: MMSG-26392]
Action.c(391): web_add_auto_header("Sec-Fetch-Site") started  	[MsgId: MMSG-26355]
Action.c(391): web_add_auto_header("Sec-Fetch-Site") was successful  	[MsgId: MMSG-26392]
Action.c(394): web_add_auto_header("Authorization") started  	[MsgId: MMSG-26355]
Action.c(394): Warning -26592: The header being added may cause unpredictable results when applied to all ensuing URLs. It is added anyway  	[MsgId: MWAR-26592]
Action.c(394): web_add_auto_header("Authorization") highest severity level was "warning"  	[MsgId: MMSG-26391]
Action.c(397): web_url("config.json") started  	[MsgId: MMSG-26355]
Action.c(397): Resource "https://dev-boomq.pflb.ru/config.json" is in the cache already and will not be downloaded again  	[MsgId: MMSG-26655]
Action.c(406): web_url("modelSchema") started  	[MsgId: MMSG-26355]
Action.c(406): web_url("modelSchema") was successful, 66848 body bytes, 427 header bytes  	[MsgId: MMSG-26386]
Action.c(415): web_add_header("Origin") started  	[MsgId: MMSG-26355]
Action.c(415): web_add_header("Origin") was successful  	[MsgId: MMSG-26392]
Action.c(418): web_add_header("Content-Type") started  	[MsgId: MMSG-26355]
Action.c(418): Warning -26593: The header being added may cause unpredictable results if applied to ALL the URLs generated on behalf of the next script function. It will apply to the primary URL only.  	[MsgId: MWAR-26593]
Action.c(418): web_add_header("Content-Type") highest severity level was "warning"  	[MsgId: MMSG-26391]
Action.c(421): web_custom_request("user") started  	[MsgId: MMSG-26355]
Action.c(421): Downloading resource "https://dev-boomq.pflb.ru/static/media/en.b1acfc6b06bfe6e29bfbfc06d09d8177.svg" (specified by argument number 11)  	[MsgId: MMSG-26576]
Action.c(421): web_custom_request("user") was successful, 4209 body bytes, 757 header bytes  	[MsgId: MMSG-26386]
Action.c(434): web_remove_auto_header("Priority") started  	[MsgId: MMSG-26355]
Action.c(434): Previous automatically added web header for "Priority" removed  	[MsgId: MMSG-26586]
Action.c(434): web_remove/revert_auto_header("Priority") was successful  	[MsgId: MMSG-26392]
Action.c(436): web_url("team") started  	[MsgId: MMSG-26355]
Action.c(436): web_url("team") was successful, 588 body bytes, 492 header bytes  	[MsgId: MMSG-26386]
Action.c(445): Notify: Transaction "UC01_TR05_New_Password" ended with a "Pass" status (Duration: 1,2736 Wasted Time: 0,0297).
Ending action Action.
Ending iteration 1.
Ending Vuser...
Starting action vuser_end.
Ending action vuser_end.
Vuser Terminated.
