Start auto log messages stack - Iteration 6.	[MsgId: MMSG-10545]
Action.c(35): web_add_header("Sec-Fetch-Site") was successful  	[MsgId: MMSG-26392]
Action.c(38): web_add_header("Sec-Fetch-User") started  	[MsgId: MMSG-26355]
Action.c(38): web_add_header("Sec-Fetch-User") was successful  	[MsgId: MMSG-26392]
Action.c(41): web_add_auto_header("Sec-GPC") started  	[MsgId: MMSG-26355]
Action.c(41): web_add_auto_header("Sec-GPC") was successful  	[MsgId: MMSG-26392]
Action.c(44): web_add_header("Upgrade-Insecure-Requests") started  	[MsgId: MMSG-26355]
Action.c(44): web_add_header("Upgrade-Insecure-Requests") was successful  	[MsgId: MMSG-26392]
Action.c(47): web_url("dev-boomq.pflb.ru") started  	[MsgId: MMSG-26355]
Action.c(47): Error -27792: Failed to connect to server "dev-boomq.pflb.ru:443": [10060] Connection timed out  	[MsgId: MERR-27792]
End auto log messages stack.	[MsgId: MMSG-10544]


Start auto log messages stack - Iteration 9.	[MsgId: MMSG-10545]
Action.c(273): web_add_header("Origin") was successful  	[MsgId: MMSG-26392]
Action.c(276): web_add_header("Priority") started  	[MsgId: MMSG-26355]
Action.c(276): web_add_header("Priority") was successful  	[MsgId: MMSG-26392]
Action.c(279): lr_think_time: 23,00 seconds.	[MsgId: MMSG-15948]
Action.c(281): web_reg_save_param_json started  	[MsgId: MMSG-26355]
Action.c(281): Registering web_reg_save_param_json was successful  	[MsgId: MMSG-26390]
Action.c(287): web_reg_save_param_json started  	[MsgId: MMSG-26355]
Action.c(287): Registering web_reg_save_param_json was successful  	[MsgId: MMSG-26390]
Action.c(293): web_custom_request("teamMember_2") started  	[MsgId: MMSG-26355]
Action.c(293): Error -27760: Request "https://dev-boomq.pflb.ru/auth-srv/teamMember?teamId=13" failed  	[MsgId: MERR-27760]
Action.c(293): Error -35060: No matches were found for the specified query: "$..userId"  	[MsgId: MERR-35060]
Action.c(293): Error -35060: No matches were found for the specified query: "$..id"  	[MsgId: MERR-35060]
End auto log messages stack.	[MsgId: MMSG-10544]


Start auto log messages stack - Iteration 10.	[MsgId: MMSG-10545]
Action.c(35): web_add_header("Sec-Fetch-Site") was successful  	[MsgId: MMSG-26392]
Action.c(38): web_add_header("Sec-Fetch-User") started  	[MsgId: MMSG-26355]
Action.c(38): web_add_header("Sec-Fetch-User") was successful  	[MsgId: MMSG-26392]
Action.c(41): web_add_auto_header("Sec-GPC") started  	[MsgId: MMSG-26355]
Action.c(41): web_add_auto_header("Sec-GPC") was successful  	[MsgId: MMSG-26392]
Action.c(44): web_add_header("Upgrade-Insecure-Requests") started  	[MsgId: MMSG-26355]
Action.c(44): web_add_header("Upgrade-Insecure-Requests") was successful  	[MsgId: MMSG-26392]
Action.c(47): web_url("dev-boomq.pflb.ru") started  	[MsgId: MMSG-26355]
Action.c(47): Error -27792: Failed to connect to server "dev-boomq.pflb.ru:443": [10060] Connection timed out  	[MsgId: MERR-27792]
End auto log messages stack.	[MsgId: MMSG-10544]


Start auto log messages stack - Iteration 1.	[MsgId: MMSG-10545]
Action.c(319): Registering web_reg_save_param_json was successful  	[MsgId: MMSG-26390]
Action.c(325): web_add_header("Content-Type") started  	[MsgId: MMSG-26355]
Action.c(325): Warning -26594: The header being added may cause unpredictable results if applied to ALL the URLs generated on behalf of the next script function. It will apply to the primary URL only.  	[MsgId: MWAR-26594]
Action.c(325): web_add_header("Content-Type") highest severity level was "warning"  	[MsgId: MMSG-26391]
Action.c(328): web_custom_request("teamMember_5") started  	[MsgId: MMSG-26355]
Action.c(328): Connection to dev-boomq.pflb.ru:443 closed after being inactive for 62 seconds, exceeding the "HTTP Keep-Alive timeout" Runtime Setting (60 seconds). URL="[None]"  	[MsgId: MMSG-27647]
Action.c(328): Error -27792: Failed to connect to server "dev-boomq.pflb.ru:443": [10060] Connection timed out  	[MsgId: MERR-27792]
Action.c(328): Error -35060: No matches were found for the specified query: "$..inviteUrl"  	[MsgId: MERR-35060]
End auto log messages stack.	[MsgId: MMSG-10544]


Start auto log messages stack - Iteration 11.	[MsgId: MMSG-10545]
Action.c(47): web_url("dev-boomq.pflb.ru") started  	[MsgId: MMSG-26355]
Action.c(47): Found resource "https://dev-boomq.pflb.ru/static/js/main.cddf1824.js" in HTML "https://dev-boomq.pflb.ru/"  	[MsgId: MMSG-26659]
Action.c(47): Found resource "https://dev-boomq.pflb.ru/static/css/main.64a4c65b.css" in HTML "https://dev-boomq.pflb.ru/"  	[MsgId: MMSG-26659]
Action.c(47): web_url("dev-boomq.pflb.ru") was successful, 3626187 body bytes, 835 header bytes  	[MsgId: MMSG-26386]
Action.c(56): web_add_auto_header("Priority") started  	[MsgId: MMSG-26355]
Action.c(56): web_add_auto_header("Priority") was successful  	[MsgId: MMSG-26392]
Action.c(59): web_url("dev-boomq.pflb.ru_2") started  	[MsgId: MMSG-26355]
Action.c(59): Error -27792: Failed to connect to server "dev-boomq.pflb.ru:80": [10060] Connection timed out  	[MsgId: MERR-27792]
End auto log messages stack.	[MsgId: MMSG-10544]


Start auto log messages stack - Iteration 15.	[MsgId: MMSG-10545]
Action.c(47): web_url("dev-boomq.pflb.ru") started  	[MsgId: MMSG-26355]
Action.c(47): Found resource "https://dev-boomq.pflb.ru/static/js/main.cddf1824.js" in HTML "https://dev-boomq.pflb.ru/"  	[MsgId: MMSG-26659]
Action.c(47): Found resource "https://dev-boomq.pflb.ru/static/css/main.64a4c65b.css" in HTML "https://dev-boomq.pflb.ru/"  	[MsgId: MMSG-26659]
Action.c(47): web_url("dev-boomq.pflb.ru") was successful, 3626187 body bytes, 835 header bytes  	[MsgId: MMSG-26386]
Action.c(56): web_add_auto_header("Priority") started  	[MsgId: MMSG-26355]
Action.c(56): web_add_auto_header("Priority") was successful  	[MsgId: MMSG-26392]
Action.c(59): web_url("dev-boomq.pflb.ru_2") started  	[MsgId: MMSG-26355]
Action.c(59): Error -27792: Failed to connect to server "dev-boomq.pflb.ru:80": [10060] Connection timed out  	[MsgId: MERR-27792]
End auto log messages stack.	[MsgId: MMSG-10544]


