Start auto log messages stack - Iteration 87.	[MsgId: MMSG-10545]
Action.c(47): web_url("dev-boomq.pflb.ru") started  	[MsgId: MMSG-26355]
Action.c(47): Found resource "https://dev-boomq.pflb.ru/static/js/main.cddf1824.js" in HTML "https://dev-boomq.pflb.ru/"  	[MsgId: MMSG-26659]
Action.c(47): Found resource "https://dev-boomq.pflb.ru/static/css/main.64a4c65b.css" in HTML "https://dev-boomq.pflb.ru/"  	[MsgId: MMSG-26659]
Action.c(47): web_url("dev-boomq.pflb.ru") was successful, 3626187 body bytes, 835 header bytes  	[MsgId: MMSG-26386]
Action.c(56): web_add_auto_header("Priority") started  	[MsgId: MMSG-26355]
Action.c(56): web_add_auto_header("Priority") was successful  	[MsgId: MMSG-26392]
Action.c(59): web_url("dev-boomq.pflb.ru_2") started  	[MsgId: MMSG-26355]
Action.c(59): Error -27792: Failed to connect to server "dev-boomq.pflb.ru:80": [10060] Connection timed out  	[MsgId: MERR-27792]
End auto log messages stack.	[MsgId: MMSG-10544]


Start auto log messages stack - Iteration 108.	[MsgId: MMSG-10545]
Action.c(35): web_add_header("Sec-Fetch-Site") was successful  	[MsgId: MMSG-26392]
Action.c(38): web_add_header("Sec-Fetch-User") started  	[MsgId: MMSG-26355]
Action.c(38): web_add_header("Sec-Fetch-User") was successful  	[MsgId: MMSG-26392]
Action.c(41): web_add_auto_header("Sec-GPC") started  	[MsgId: MMSG-26355]
Action.c(41): web_add_auto_header("Sec-GPC") was successful  	[MsgId: MMSG-26392]
Action.c(44): web_add_header("Upgrade-Insecure-Requests") started  	[MsgId: MMSG-26355]
Action.c(44): web_add_header("Upgrade-Insecure-Requests") was successful  	[MsgId: MMSG-26392]
Action.c(47): web_url("dev-boomq.pflb.ru") started  	[MsgId: MMSG-26355]
Action.c(47): Error -27792: Failed to connect to server "dev-boomq.pflb.ru:443": [10060] Connection timed out  	[MsgId: MERR-27792]
End auto log messages stack.	[MsgId: MMSG-10544]


Start auto log messages stack - Iteration 148.	[MsgId: MMSG-10545]
Action.c(47): web_url("dev-boomq.pflb.ru") started  	[MsgId: MMSG-26355]
Action.c(47): Found resource "https://dev-boomq.pflb.ru/static/js/main.cddf1824.js" in HTML "https://dev-boomq.pflb.ru/"  	[MsgId: MMSG-26659]
Action.c(47): Found resource "https://dev-boomq.pflb.ru/static/css/main.64a4c65b.css" in HTML "https://dev-boomq.pflb.ru/"  	[MsgId: MMSG-26659]
Action.c(47): web_url("dev-boomq.pflb.ru") was successful, 3626187 body bytes, 835 header bytes  	[MsgId: MMSG-26386]
Action.c(56): web_add_auto_header("Priority") started  	[MsgId: MMSG-26355]
Action.c(56): web_add_auto_header("Priority") was successful  	[MsgId: MMSG-26392]
Action.c(59): web_url("dev-boomq.pflb.ru_2") started  	[MsgId: MMSG-26355]
Action.c(59): Error -27792: Failed to connect to server "dev-boomq.pflb.ru:80": [10060] Connection timed out  	[MsgId: MERR-27792]
End auto log messages stack.	[MsgId: MMSG-10544]


