Start auto log messages stack - Iteration 47.	[MsgId: MMSG-10545]
Action.c(220): Registering web_reg_save_param_json was successful  	[MsgId: MMSG-26390]
Action.c(227): web_url("test") started  	[MsgId: MMSG-26355]
Action.c(227): web_url("test") was successful, 58599 body bytes, 467 header bytes, 68 chunking overhead bytes  	[MsgId: MMSG-26385]
Action.c(236): web_set_sockets_option started  	[MsgId: MMSG-26355]
Action.c(236): web_set_sockets_option was successful  	[MsgId: MMSG-26392]
Action.c(238): web_add_auto_header("Origin") started  	[MsgId: MMSG-26355]
Action.c(238): web_add_auto_header("Origin") was successful  	[MsgId: MMSG-26392]
Action.c(241): web_custom_request("previewChart") started  	[MsgId: MMSG-26355]
Action.c(241): Error -26611: HTTP Status-Code=500 (Internal Server Error) for "https://dev-boomq.pflb.ru/report-srv/report/previewChart"  	[MsgId: MERR-26611]
End auto log messages stack.	[MsgId: MMSG-10544]


Start auto log messages stack - Iteration 48.	[MsgId: MMSG-10545]
Action.c(220): Registering web_reg_save_param_json was successful  	[MsgId: MMSG-26390]
Action.c(227): web_url("test") started  	[MsgId: MMSG-26355]
Action.c(227): web_url("test") was successful, 58599 body bytes, 467 header bytes, 68 chunking overhead bytes  	[MsgId: MMSG-26385]
Action.c(236): web_set_sockets_option started  	[MsgId: MMSG-26355]
Action.c(236): web_set_sockets_option was successful  	[MsgId: MMSG-26392]
Action.c(238): web_add_auto_header("Origin") started  	[MsgId: MMSG-26355]
Action.c(238): web_add_auto_header("Origin") was successful  	[MsgId: MMSG-26392]
Action.c(241): web_custom_request("previewChart") started  	[MsgId: MMSG-26355]
Action.c(241): Error -26611: HTTP Status-Code=500 (Internal Server Error) for "https://dev-boomq.pflb.ru/report-srv/report/previewChart"  	[MsgId: MERR-26611]
End auto log messages stack.	[MsgId: MMSG-10544]


Start auto log messages stack - Iteration 49.	[MsgId: MMSG-10545]
Action.c(220): Registering web_reg_save_param_json was successful  	[MsgId: MMSG-26390]
Action.c(227): web_url("test") started  	[MsgId: MMSG-26355]
Action.c(227): web_url("test") was successful, 58599 body bytes, 467 header bytes, 68 chunking overhead bytes  	[MsgId: MMSG-26385]
Action.c(236): web_set_sockets_option started  	[MsgId: MMSG-26355]
Action.c(236): web_set_sockets_option was successful  	[MsgId: MMSG-26392]
Action.c(238): web_add_auto_header("Origin") started  	[MsgId: MMSG-26355]
Action.c(238): web_add_auto_header("Origin") was successful  	[MsgId: MMSG-26392]
Action.c(241): web_custom_request("previewChart") started  	[MsgId: MMSG-26355]
Action.c(241): Error -26611: HTTP Status-Code=500 (Internal Server Error) for "https://dev-boomq.pflb.ru/report-srv/report/previewChart"  	[MsgId: MERR-26611]
End auto log messages stack.	[MsgId: MMSG-10544]


Start auto log messages stack - Iteration 50.	[MsgId: MMSG-10545]
Action.c(220): Registering web_reg_save_param_json was successful  	[MsgId: MMSG-26390]
Action.c(227): web_url("test") started  	[MsgId: MMSG-26355]
Action.c(227): web_url("test") was successful, 58599 body bytes, 467 header bytes, 76 chunking overhead bytes  	[MsgId: MMSG-26385]
Action.c(236): web_set_sockets_option started  	[MsgId: MMSG-26355]
Action.c(236): web_set_sockets_option was successful  	[MsgId: MMSG-26392]
Action.c(238): web_add_auto_header("Origin") started  	[MsgId: MMSG-26355]
Action.c(238): web_add_auto_header("Origin") was successful  	[MsgId: MMSG-26392]
Action.c(241): web_custom_request("previewChart") started  	[MsgId: MMSG-26355]
Action.c(241): Error -26611: HTTP Status-Code=500 (Internal Server Error) for "https://dev-boomq.pflb.ru/report-srv/report/previewChart"  	[MsgId: MERR-26611]
End auto log messages stack.	[MsgId: MMSG-10544]


Start auto log messages stack - Iteration 53.	[MsgId: MMSG-10545]
Action.c(220): Registering web_reg_save_param_json was successful  	[MsgId: MMSG-26390]
Action.c(227): web_url("test") started  	[MsgId: MMSG-26355]
Action.c(227): web_url("test") was successful, 58599 body bytes, 467 header bytes, 68 chunking overhead bytes  	[MsgId: MMSG-26385]
Action.c(236): web_set_sockets_option started  	[MsgId: MMSG-26355]
Action.c(236): web_set_sockets_option was successful  	[MsgId: MMSG-26392]
Action.c(238): web_add_auto_header("Origin") started  	[MsgId: MMSG-26355]
Action.c(238): web_add_auto_header("Origin") was successful  	[MsgId: MMSG-26392]
Action.c(241): web_custom_request("previewChart") started  	[MsgId: MMSG-26355]
Action.c(241): Error -26611: HTTP Status-Code=500 (Internal Server Error) for "https://dev-boomq.pflb.ru/report-srv/report/previewChart"  	[MsgId: MERR-26611]
End auto log messages stack.	[MsgId: MMSG-10544]


Start auto log messages stack - Iteration 56.	[MsgId: MMSG-10545]
Action.c(220): Registering web_reg_save_param_json was successful  	[MsgId: MMSG-26390]
Action.c(227): web_url("test") started  	[MsgId: MMSG-26355]
Action.c(227): web_url("test") was successful, 58599 body bytes, 467 header bytes, 68 chunking overhead bytes  	[MsgId: MMSG-26385]
Action.c(236): web_set_sockets_option started  	[MsgId: MMSG-26355]
Action.c(236): web_set_sockets_option was successful  	[MsgId: MMSG-26392]
Action.c(238): web_add_auto_header("Origin") started  	[MsgId: MMSG-26355]
Action.c(238): web_add_auto_header("Origin") was successful  	[MsgId: MMSG-26392]
Action.c(241): web_custom_request("previewChart") started  	[MsgId: MMSG-26355]
Action.c(241): Error -26611: HTTP Status-Code=500 (Internal Server Error) for "https://dev-boomq.pflb.ru/report-srv/report/previewChart"  	[MsgId: MERR-26611]
End auto log messages stack.	[MsgId: MMSG-10544]


Start auto log messages stack - Iteration 59.	[MsgId: MMSG-10545]
Action.c(220): Registering web_reg_save_param_json was successful  	[MsgId: MMSG-26390]
Action.c(227): web_url("test") started  	[MsgId: MMSG-26355]
Action.c(227): web_url("test") was successful, 58599 body bytes, 467 header bytes, 68 chunking overhead bytes  	[MsgId: MMSG-26385]
Action.c(236): web_set_sockets_option started  	[MsgId: MMSG-26355]
Action.c(236): web_set_sockets_option was successful  	[MsgId: MMSG-26392]
Action.c(238): web_add_auto_header("Origin") started  	[MsgId: MMSG-26355]
Action.c(238): web_add_auto_header("Origin") was successful  	[MsgId: MMSG-26392]
Action.c(241): web_custom_request("previewChart") started  	[MsgId: MMSG-26355]
Action.c(241): Error -26611: HTTP Status-Code=500 (Internal Server Error) for "https://dev-boomq.pflb.ru/report-srv/report/previewChart"  	[MsgId: MERR-26611]
End auto log messages stack.	[MsgId: MMSG-10544]


Start auto log messages stack - Iteration 62.	[MsgId: MMSG-10545]
Action.c(220): Registering web_reg_save_param_json was successful  	[MsgId: MMSG-26390]
Action.c(227): web_url("test") started  	[MsgId: MMSG-26355]
Action.c(227): web_url("test") was successful, 58599 body bytes, 467 header bytes, 68 chunking overhead bytes  	[MsgId: MMSG-26385]
Action.c(236): web_set_sockets_option started  	[MsgId: MMSG-26355]
Action.c(236): web_set_sockets_option was successful  	[MsgId: MMSG-26392]
Action.c(238): web_add_auto_header("Origin") started  	[MsgId: MMSG-26355]
Action.c(238): web_add_auto_header("Origin") was successful  	[MsgId: MMSG-26392]
Action.c(241): web_custom_request("previewChart") started  	[MsgId: MMSG-26355]
Action.c(241): Error -26611: HTTP Status-Code=500 (Internal Server Error) for "https://dev-boomq.pflb.ru/report-srv/report/previewChart"  	[MsgId: MERR-26611]
End auto log messages stack.	[MsgId: MMSG-10544]


Start auto log messages stack - Iteration 65.	[MsgId: MMSG-10545]
Action.c(220): Registering web_reg_save_param_json was successful  	[MsgId: MMSG-26390]
Action.c(227): web_url("test") started  	[MsgId: MMSG-26355]
Action.c(227): web_url("test") was successful, 58599 body bytes, 467 header bytes, 53 chunking overhead bytes  	[MsgId: MMSG-26385]
Action.c(236): web_set_sockets_option started  	[MsgId: MMSG-26355]
Action.c(236): web_set_sockets_option was successful  	[MsgId: MMSG-26392]
Action.c(238): web_add_auto_header("Origin") started  	[MsgId: MMSG-26355]
Action.c(238): web_add_auto_header("Origin") was successful  	[MsgId: MMSG-26392]
Action.c(241): web_custom_request("previewChart") started  	[MsgId: MMSG-26355]
Action.c(241): Error -26611: HTTP Status-Code=500 (Internal Server Error) for "https://dev-boomq.pflb.ru/report-srv/report/previewChart"  	[MsgId: MERR-26611]
End auto log messages stack.	[MsgId: MMSG-10544]


Start auto log messages stack - Iteration 68.	[MsgId: MMSG-10545]
Action.c(220): Registering web_reg_save_param_json was successful  	[MsgId: MMSG-26390]
Action.c(227): web_url("test") started  	[MsgId: MMSG-26355]
Action.c(227): web_url("test") was successful, 58599 body bytes, 467 header bytes, 68 chunking overhead bytes  	[MsgId: MMSG-26385]
Action.c(236): web_set_sockets_option started  	[MsgId: MMSG-26355]
Action.c(236): web_set_sockets_option was successful  	[MsgId: MMSG-26392]
Action.c(238): web_add_auto_header("Origin") started  	[MsgId: MMSG-26355]
Action.c(238): web_add_auto_header("Origin") was successful  	[MsgId: MMSG-26392]
Action.c(241): web_custom_request("previewChart") started  	[MsgId: MMSG-26355]
Action.c(241): Error -26611: HTTP Status-Code=500 (Internal Server Error) for "https://dev-boomq.pflb.ru/report-srv/report/previewChart"  	[MsgId: MERR-26611]
End auto log messages stack.	[MsgId: MMSG-10544]


Start auto log messages stack - Iteration 71.	[MsgId: MMSG-10545]
Action.c(220): Registering web_reg_save_param_json was successful  	[MsgId: MMSG-26390]
Action.c(227): web_url("test") started  	[MsgId: MMSG-26355]
Action.c(227): web_url("test") was successful, 58599 body bytes, 467 header bytes, 69 chunking overhead bytes  	[MsgId: MMSG-26385]
Action.c(236): web_set_sockets_option started  	[MsgId: MMSG-26355]
Action.c(236): web_set_sockets_option was successful  	[MsgId: MMSG-26392]
Action.c(238): web_add_auto_header("Origin") started  	[MsgId: MMSG-26355]
Action.c(238): web_add_auto_header("Origin") was successful  	[MsgId: MMSG-26392]
Action.c(241): web_custom_request("previewChart") started  	[MsgId: MMSG-26355]
Action.c(241): Error -26611: HTTP Status-Code=500 (Internal Server Error) for "https://dev-boomq.pflb.ru/report-srv/report/previewChart"  	[MsgId: MERR-26611]
End auto log messages stack.	[MsgId: MMSG-10544]


Start auto log messages stack - Iteration 74.	[MsgId: MMSG-10545]
Action.c(220): Registering web_reg_save_param_json was successful  	[MsgId: MMSG-26390]
Action.c(227): web_url("test") started  	[MsgId: MMSG-26355]
Action.c(227): web_url("test") was successful, 58599 body bytes, 467 header bytes, 68 chunking overhead bytes  	[MsgId: MMSG-26385]
Action.c(236): web_set_sockets_option started  	[MsgId: MMSG-26355]
Action.c(236): web_set_sockets_option was successful  	[MsgId: MMSG-26392]
Action.c(238): web_add_auto_header("Origin") started  	[MsgId: MMSG-26355]
Action.c(238): web_add_auto_header("Origin") was successful  	[MsgId: MMSG-26392]
Action.c(241): web_custom_request("previewChart") started  	[MsgId: MMSG-26355]
Action.c(241): Error -26611: HTTP Status-Code=500 (Internal Server Error) for "https://dev-boomq.pflb.ru/report-srv/report/previewChart"  	[MsgId: MERR-26611]
End auto log messages stack.	[MsgId: MMSG-10544]


Start auto log messages stack - Iteration 77.	[MsgId: MMSG-10545]
Action.c(220): Registering web_reg_save_param_json was successful  	[MsgId: MMSG-26390]
Action.c(227): web_url("test") started  	[MsgId: MMSG-26355]
Action.c(227): web_url("test") was successful, 58599 body bytes, 467 header bytes, 68 chunking overhead bytes  	[MsgId: MMSG-26385]
Action.c(236): web_set_sockets_option started  	[MsgId: MMSG-26355]
Action.c(236): web_set_sockets_option was successful  	[MsgId: MMSG-26392]
Action.c(238): web_add_auto_header("Origin") started  	[MsgId: MMSG-26355]
Action.c(238): web_add_auto_header("Origin") was successful  	[MsgId: MMSG-26392]
Action.c(241): web_custom_request("previewChart") started  	[MsgId: MMSG-26355]
Action.c(241): Error -26611: HTTP Status-Code=500 (Internal Server Error) for "https://dev-boomq.pflb.ru/report-srv/report/previewChart"  	[MsgId: MERR-26611]
End auto log messages stack.	[MsgId: MMSG-10544]


