Start auto log messages stack - Iteration 13.	[MsgId: MMSG-10545]
Action.c(18): web_add_header("Upgrade-Insecure-Requests") was successful  	[MsgId: MMSG-26392]
Action.c(21): web_add_auto_header("sec-ch-ua") started  	[MsgId: MMSG-26355]
Action.c(21): web_add_auto_header("sec-ch-ua") was successful  	[MsgId: MMSG-26392]
Action.c(24): web_add_auto_header("sec-ch-ua-mobile") started  	[MsgId: MMSG-26355]
Action.c(24): web_add_auto_header("sec-ch-ua-mobile") was successful  	[MsgId: MMSG-26392]
Action.c(27): web_add_auto_header("sec-ch-ua-platform") started  	[MsgId: MMSG-26355]
Action.c(27): web_add_auto_header("sec-ch-ua-platform") was successful  	[MsgId: MMSG-26392]
Action.c(30): web_url("dev-boomq.pflb.ru") started  	[MsgId: MMSG-26355]
Action.c(30): Error -27792: Failed to connect to server "dev-boomq.pflb.ru:443": [10060] Connection timed out  	[MsgId: MERR-27792]
End auto log messages stack.	[MsgId: MMSG-10544]


Start auto log messages stack - Iteration 14.	[MsgId: MMSG-10545]
Action.c(18): web_add_header("Upgrade-Insecure-Requests") was successful  	[MsgId: MMSG-26392]
Action.c(21): web_add_auto_header("sec-ch-ua") started  	[MsgId: MMSG-26355]
Action.c(21): web_add_auto_header("sec-ch-ua") was successful  	[MsgId: MMSG-26392]
Action.c(24): web_add_auto_header("sec-ch-ua-mobile") started  	[MsgId: MMSG-26355]
Action.c(24): web_add_auto_header("sec-ch-ua-mobile") was successful  	[MsgId: MMSG-26392]
Action.c(27): web_add_auto_header("sec-ch-ua-platform") started  	[MsgId: MMSG-26355]
Action.c(27): web_add_auto_header("sec-ch-ua-platform") was successful  	[MsgId: MMSG-26392]
Action.c(30): web_url("dev-boomq.pflb.ru") started  	[MsgId: MMSG-26355]
Action.c(30): Error -27792: Failed to connect to server "dev-boomq.pflb.ru:443": [10060] Connection timed out  	[MsgId: MERR-27792]
End auto log messages stack.	[MsgId: MMSG-10544]


Start auto log messages stack - Iteration 16.	[MsgId: MMSG-10545]
Action.c(18): web_add_header("Upgrade-Insecure-Requests") was successful  	[MsgId: MMSG-26392]
Action.c(21): web_add_auto_header("sec-ch-ua") started  	[MsgId: MMSG-26355]
Action.c(21): web_add_auto_header("sec-ch-ua") was successful  	[MsgId: MMSG-26392]
Action.c(24): web_add_auto_header("sec-ch-ua-mobile") started  	[MsgId: MMSG-26355]
Action.c(24): web_add_auto_header("sec-ch-ua-mobile") was successful  	[MsgId: MMSG-26392]
Action.c(27): web_add_auto_header("sec-ch-ua-platform") started  	[MsgId: MMSG-26355]
Action.c(27): web_add_auto_header("sec-ch-ua-platform") was successful  	[MsgId: MMSG-26392]
Action.c(30): web_url("dev-boomq.pflb.ru") started  	[MsgId: MMSG-26355]
Action.c(30): Error -27792: Failed to connect to server "dev-boomq.pflb.ru:443": [10060] Connection timed out  	[MsgId: MERR-27792]
End auto log messages stack.	[MsgId: MMSG-10544]


Start auto log messages stack - Iteration 21.	[MsgId: MMSG-10545]
Action.c(18): web_add_header("Upgrade-Insecure-Requests") was successful  	[MsgId: MMSG-26392]
Action.c(21): web_add_auto_header("sec-ch-ua") started  	[MsgId: MMSG-26355]
Action.c(21): web_add_auto_header("sec-ch-ua") was successful  	[MsgId: MMSG-26392]
Action.c(24): web_add_auto_header("sec-ch-ua-mobile") started  	[MsgId: MMSG-26355]
Action.c(24): web_add_auto_header("sec-ch-ua-mobile") was successful  	[MsgId: MMSG-26392]
Action.c(27): web_add_auto_header("sec-ch-ua-platform") started  	[MsgId: MMSG-26355]
Action.c(27): web_add_auto_header("sec-ch-ua-platform") was successful  	[MsgId: MMSG-26392]
Action.c(30): web_url("dev-boomq.pflb.ru") started  	[MsgId: MMSG-26355]
Action.c(30): Error -27792: Failed to connect to server "dev-boomq.pflb.ru:443": [10060] Connection timed out  	[MsgId: MERR-27792]
End auto log messages stack.	[MsgId: MMSG-10544]


Start auto log messages stack - Iteration 2.	[MsgId: MMSG-10545]
Action.c(18): web_add_header("Upgrade-Insecure-Requests") was successful  	[MsgId: MMSG-26392]
Action.c(21): web_add_auto_header("sec-ch-ua") started  	[MsgId: MMSG-26355]
Action.c(21): web_add_auto_header("sec-ch-ua") was successful  	[MsgId: MMSG-26392]
Action.c(24): web_add_auto_header("sec-ch-ua-mobile") started  	[MsgId: MMSG-26355]
Action.c(24): web_add_auto_header("sec-ch-ua-mobile") was successful  	[MsgId: MMSG-26392]
Action.c(27): web_add_auto_header("sec-ch-ua-platform") started  	[MsgId: MMSG-26355]
Action.c(27): web_add_auto_header("sec-ch-ua-platform") was successful  	[MsgId: MMSG-26392]
Action.c(30): web_url("dev-boomq.pflb.ru") started  	[MsgId: MMSG-26355]
Action.c(30): Error -27792: Failed to connect to server "dev-boomq.pflb.ru:443": [10060] Connection timed out  	[MsgId: MERR-27792]
End auto log messages stack.	[MsgId: MMSG-10544]


Start auto log messages stack - Iteration 26.	[MsgId: MMSG-10545]
Action.c(18): web_add_header("Upgrade-Insecure-Requests") was successful  	[MsgId: MMSG-26392]
Action.c(21): web_add_auto_header("sec-ch-ua") started  	[MsgId: MMSG-26355]
Action.c(21): web_add_auto_header("sec-ch-ua") was successful  	[MsgId: MMSG-26392]
Action.c(24): web_add_auto_header("sec-ch-ua-mobile") started  	[MsgId: MMSG-26355]
Action.c(24): web_add_auto_header("sec-ch-ua-mobile") was successful  	[MsgId: MMSG-26392]
Action.c(27): web_add_auto_header("sec-ch-ua-platform") started  	[MsgId: MMSG-26355]
Action.c(27): web_add_auto_header("sec-ch-ua-platform") was successful  	[MsgId: MMSG-26392]
Action.c(30): web_url("dev-boomq.pflb.ru") started  	[MsgId: MMSG-26355]
Action.c(30): Error -27792: Failed to connect to server "dev-boomq.pflb.ru:443": [10060] Connection timed out  	[MsgId: MERR-27792]
End auto log messages stack.	[MsgId: MMSG-10544]


Start auto log messages stack - Iteration 5.	[MsgId: MMSG-10545]
Action.c(18): web_add_header("Upgrade-Insecure-Requests") was successful  	[MsgId: MMSG-26392]
Action.c(21): web_add_auto_header("sec-ch-ua") started  	[MsgId: MMSG-26355]
Action.c(21): web_add_auto_header("sec-ch-ua") was successful  	[MsgId: MMSG-26392]
Action.c(24): web_add_auto_header("sec-ch-ua-mobile") started  	[MsgId: MMSG-26355]
Action.c(24): web_add_auto_header("sec-ch-ua-mobile") was successful  	[MsgId: MMSG-26392]
Action.c(27): web_add_auto_header("sec-ch-ua-platform") started  	[MsgId: MMSG-26355]
Action.c(27): web_add_auto_header("sec-ch-ua-platform") was successful  	[MsgId: MMSG-26392]
Action.c(30): web_url("dev-boomq.pflb.ru") started  	[MsgId: MMSG-26355]
Action.c(30): Error -27792: Failed to connect to server "dev-boomq.pflb.ru:443": [10060] Connection timed out  	[MsgId: MERR-27792]
End auto log messages stack.	[MsgId: MMSG-10544]


Start auto log messages stack - Iteration 28.	[MsgId: MMSG-10545]
Action.c(18): web_add_header("Upgrade-Insecure-Requests") was successful  	[MsgId: MMSG-26392]
Action.c(21): web_add_auto_header("sec-ch-ua") started  	[MsgId: MMSG-26355]
Action.c(21): web_add_auto_header("sec-ch-ua") was successful  	[MsgId: MMSG-26392]
Action.c(24): web_add_auto_header("sec-ch-ua-mobile") started  	[MsgId: MMSG-26355]
Action.c(24): web_add_auto_header("sec-ch-ua-mobile") was successful  	[MsgId: MMSG-26392]
Action.c(27): web_add_auto_header("sec-ch-ua-platform") started  	[MsgId: MMSG-26355]
Action.c(27): web_add_auto_header("sec-ch-ua-platform") was successful  	[MsgId: MMSG-26392]
Action.c(30): web_url("dev-boomq.pflb.ru") started  	[MsgId: MMSG-26355]
Action.c(30): Error -27792: Failed to connect to server "dev-boomq.pflb.ru:443": [10060] Connection timed out  	[MsgId: MERR-27792]
End auto log messages stack.	[MsgId: MMSG-10544]


Start auto log messages stack - Iteration 23.	[MsgId: MMSG-10545]
Action.c(18): web_add_header("Upgrade-Insecure-Requests") was successful  	[MsgId: MMSG-26392]
Action.c(21): web_add_auto_header("sec-ch-ua") started  	[MsgId: MMSG-26355]
Action.c(21): web_add_auto_header("sec-ch-ua") was successful  	[MsgId: MMSG-26392]
Action.c(24): web_add_auto_header("sec-ch-ua-mobile") started  	[MsgId: MMSG-26355]
Action.c(24): web_add_auto_header("sec-ch-ua-mobile") was successful  	[MsgId: MMSG-26392]
Action.c(27): web_add_auto_header("sec-ch-ua-platform") started  	[MsgId: MMSG-26355]
Action.c(27): web_add_auto_header("sec-ch-ua-platform") was successful  	[MsgId: MMSG-26392]
Action.c(30): web_url("dev-boomq.pflb.ru") started  	[MsgId: MMSG-26355]
Action.c(30): Error -27792: Failed to connect to server "dev-boomq.pflb.ru:443": [10060] Connection timed out  	[MsgId: MERR-27792]
End auto log messages stack.	[MsgId: MMSG-10544]


Start auto log messages stack - Iteration 4.	[MsgId: MMSG-10545]
Action.c(18): web_add_header("Upgrade-Insecure-Requests") was successful  	[MsgId: MMSG-26392]
Action.c(21): web_add_auto_header("sec-ch-ua") started  	[MsgId: MMSG-26355]
Action.c(21): web_add_auto_header("sec-ch-ua") was successful  	[MsgId: MMSG-26392]
Action.c(24): web_add_auto_header("sec-ch-ua-mobile") started  	[MsgId: MMSG-26355]
Action.c(24): web_add_auto_header("sec-ch-ua-mobile") was successful  	[MsgId: MMSG-26392]
Action.c(27): web_add_auto_header("sec-ch-ua-platform") started  	[MsgId: MMSG-26355]
Action.c(27): web_add_auto_header("sec-ch-ua-platform") was successful  	[MsgId: MMSG-26392]
Action.c(30): web_url("dev-boomq.pflb.ru") started  	[MsgId: MMSG-26355]
Action.c(30): Error -27792: Failed to connect to server "dev-boomq.pflb.ru:443": [10060] Connection timed out  	[MsgId: MERR-27792]
End auto log messages stack.	[MsgId: MMSG-10544]


Start auto log messages stack - Iteration 41.	[MsgId: MMSG-10545]
Action.c(18): web_add_header("Upgrade-Insecure-Requests") was successful  	[MsgId: MMSG-26392]
Action.c(21): web_add_auto_header("sec-ch-ua") started  	[MsgId: MMSG-26355]
Action.c(21): web_add_auto_header("sec-ch-ua") was successful  	[MsgId: MMSG-26392]
Action.c(24): web_add_auto_header("sec-ch-ua-mobile") started  	[MsgId: MMSG-26355]
Action.c(24): web_add_auto_header("sec-ch-ua-mobile") was successful  	[MsgId: MMSG-26392]
Action.c(27): web_add_auto_header("sec-ch-ua-platform") started  	[MsgId: MMSG-26355]
Action.c(27): web_add_auto_header("sec-ch-ua-platform") was successful  	[MsgId: MMSG-26392]
Action.c(30): web_url("dev-boomq.pflb.ru") started  	[MsgId: MMSG-26355]
Action.c(30): Error -27792: Failed to connect to server "dev-boomq.pflb.ru:443": [10060] Connection timed out  	[MsgId: MERR-27792]
End auto log messages stack.	[MsgId: MMSG-10544]


Start auto log messages stack - Iteration 44.	[MsgId: MMSG-10545]
Action.c(18): web_add_header("Upgrade-Insecure-Requests") was successful  	[MsgId: MMSG-26392]
Action.c(21): web_add_auto_header("sec-ch-ua") started  	[MsgId: MMSG-26355]
Action.c(21): web_add_auto_header("sec-ch-ua") was successful  	[MsgId: MMSG-26392]
Action.c(24): web_add_auto_header("sec-ch-ua-mobile") started  	[MsgId: MMSG-26355]
Action.c(24): web_add_auto_header("sec-ch-ua-mobile") was successful  	[MsgId: MMSG-26392]
Action.c(27): web_add_auto_header("sec-ch-ua-platform") started  	[MsgId: MMSG-26355]
Action.c(27): web_add_auto_header("sec-ch-ua-platform") was successful  	[MsgId: MMSG-26392]
Action.c(30): web_url("dev-boomq.pflb.ru") started  	[MsgId: MMSG-26355]
Action.c(30): Error -27792: Failed to connect to server "dev-boomq.pflb.ru:443": [10060] Connection timed out  	[MsgId: MERR-27792]
End auto log messages stack.	[MsgId: MMSG-10544]


Start auto log messages stack - Iteration 49.	[MsgId: MMSG-10545]
Action.c(18): web_add_header("Upgrade-Insecure-Requests") was successful  	[MsgId: MMSG-26392]
Action.c(21): web_add_auto_header("sec-ch-ua") started  	[MsgId: MMSG-26355]
Action.c(21): web_add_auto_header("sec-ch-ua") was successful  	[MsgId: MMSG-26392]
Action.c(24): web_add_auto_header("sec-ch-ua-mobile") started  	[MsgId: MMSG-26355]
Action.c(24): web_add_auto_header("sec-ch-ua-mobile") was successful  	[MsgId: MMSG-26392]
Action.c(27): web_add_auto_header("sec-ch-ua-platform") started  	[MsgId: MMSG-26355]
Action.c(27): web_add_auto_header("sec-ch-ua-platform") was successful  	[MsgId: MMSG-26392]
Action.c(30): web_url("dev-boomq.pflb.ru") started  	[MsgId: MMSG-26355]
Action.c(30): Error -27792: Failed to connect to server "dev-boomq.pflb.ru:443": [10060] Connection timed out  	[MsgId: MERR-27792]
End auto log messages stack.	[MsgId: MMSG-10544]


Start auto log messages stack - Iteration 56.	[MsgId: MMSG-10545]
Action.c(18): web_add_header("Upgrade-Insecure-Requests") was successful  	[MsgId: MMSG-26392]
Action.c(21): web_add_auto_header("sec-ch-ua") started  	[MsgId: MMSG-26355]
Action.c(21): web_add_auto_header("sec-ch-ua") was successful  	[MsgId: MMSG-26392]
Action.c(24): web_add_auto_header("sec-ch-ua-mobile") started  	[MsgId: MMSG-26355]
Action.c(24): web_add_auto_header("sec-ch-ua-mobile") was successful  	[MsgId: MMSG-26392]
Action.c(27): web_add_auto_header("sec-ch-ua-platform") started  	[MsgId: MMSG-26355]
Action.c(27): web_add_auto_header("sec-ch-ua-platform") was successful  	[MsgId: MMSG-26392]
Action.c(30): web_url("dev-boomq.pflb.ru") started  	[MsgId: MMSG-26355]
Action.c(30): Error -27792: Failed to connect to server "dev-boomq.pflb.ru:443": [10060] Connection timed out  	[MsgId: MERR-27792]
End auto log messages stack.	[MsgId: MMSG-10544]


Start auto log messages stack - Iteration 13.	[MsgId: MMSG-10545]
Action.c(241): web_custom_request("previewChart") was successful, 28830 body bytes, 378 header bytes, 44 chunking overhead bytes  	[MsgId: MMSG-26385]
Action.c(254): lr_think_time: 32,00 seconds.	[MsgId: MMSG-15948]
Action.c(256): web_custom_request("previewTable") started  	[MsgId: MMSG-26355]
Action.c(256): web_custom_request("previewTable") was successful, 1506 body bytes, 378 header bytes, 12 chunking overhead bytes  	[MsgId: MMSG-26385]
Action.c(270): lr_think_time: 13,00 seconds.	[MsgId: MMSG-15948]
Action.c(272): web_reg_save_param_json started  	[MsgId: MMSG-26355]
Action.c(272): Registering web_reg_save_param_json was successful  	[MsgId: MMSG-26390]
Action.c(280): web_custom_request("report") started  	[MsgId: MMSG-26355]
Action.c(280): Error -27760: Request "https://dev-boomq.pflb.ru/report-srv/report" failed  	[MsgId: MERR-27760]
Action.c(280): Error -35060: No matches were found for the specified query: "$.id"  	[MsgId: MERR-35060]
End auto log messages stack.	[MsgId: MMSG-10544]


Start auto log messages stack - Iteration 55.	[MsgId: MMSG-10545]
Action.c(241): web_custom_request("previewChart") was successful, 28830 body bytes, 378 header bytes, 44 chunking overhead bytes  	[MsgId: MMSG-26385]
Action.c(254): lr_think_time: 32,00 seconds.	[MsgId: MMSG-15948]
Action.c(256): web_custom_request("previewTable") started  	[MsgId: MMSG-26355]
Action.c(256): web_custom_request("previewTable") was successful, 1506 body bytes, 378 header bytes, 12 chunking overhead bytes  	[MsgId: MMSG-26385]
Action.c(270): lr_think_time: 13,00 seconds.	[MsgId: MMSG-15948]
Action.c(272): web_reg_save_param_json started  	[MsgId: MMSG-26355]
Action.c(272): Registering web_reg_save_param_json was successful  	[MsgId: MMSG-26390]
Action.c(280): web_custom_request("report") started  	[MsgId: MMSG-26355]
Action.c(280): Error -27760: Request "https://dev-boomq.pflb.ru/report-srv/report" failed  	[MsgId: MERR-27760]
Action.c(280): Error -35060: No matches were found for the specified query: "$.id"  	[MsgId: MERR-35060]
End auto log messages stack.	[MsgId: MMSG-10544]


Start auto log messages stack - Iteration 24.	[MsgId: MMSG-10545]
Action.c(241): web_custom_request("previewChart") was successful, 28830 body bytes, 378 header bytes, 13 chunking overhead bytes  	[MsgId: MMSG-26385]
Action.c(254): lr_think_time: 32,00 seconds.	[MsgId: MMSG-15948]
Action.c(256): web_custom_request("previewTable") started  	[MsgId: MMSG-26355]
Action.c(256): web_custom_request("previewTable") was successful, 1506 body bytes, 378 header bytes, 12 chunking overhead bytes  	[MsgId: MMSG-26385]
Action.c(270): lr_think_time: 13,00 seconds.	[MsgId: MMSG-15948]
Action.c(272): web_reg_save_param_json started  	[MsgId: MMSG-26355]
Action.c(272): Registering web_reg_save_param_json was successful  	[MsgId: MMSG-26390]
Action.c(280): web_custom_request("report") started  	[MsgId: MMSG-26355]
Action.c(280): Error -27760: Request "https://dev-boomq.pflb.ru/report-srv/report" failed  	[MsgId: MERR-27760]
Action.c(280): Error -35060: No matches were found for the specified query: "$.id"  	[MsgId: MERR-35060]
End auto log messages stack.	[MsgId: MMSG-10544]


Start auto log messages stack - Iteration 41.	[MsgId: MMSG-10545]
Action.c(18): web_add_header("Upgrade-Insecure-Requests") was successful  	[MsgId: MMSG-26392]
Action.c(21): web_add_auto_header("sec-ch-ua") started  	[MsgId: MMSG-26355]
Action.c(21): web_add_auto_header("sec-ch-ua") was successful  	[MsgId: MMSG-26392]
Action.c(24): web_add_auto_header("sec-ch-ua-mobile") started  	[MsgId: MMSG-26355]
Action.c(24): web_add_auto_header("sec-ch-ua-mobile") was successful  	[MsgId: MMSG-26392]
Action.c(27): web_add_auto_header("sec-ch-ua-platform") started  	[MsgId: MMSG-26355]
Action.c(27): web_add_auto_header("sec-ch-ua-platform") was successful  	[MsgId: MMSG-26392]
Action.c(30): web_url("dev-boomq.pflb.ru") started  	[MsgId: MMSG-26355]
Action.c(30): Error -27792: Failed to connect to server "dev-boomq.pflb.ru:443": [10060] Connection timed out  	[MsgId: MERR-27792]
End auto log messages stack.	[MsgId: MMSG-10544]


Start auto log messages stack - Iteration 14.	[MsgId: MMSG-10545]
Action.c(220): Registering web_reg_save_param_json was successful  	[MsgId: MMSG-26390]
Action.c(227): web_url("test") started  	[MsgId: MMSG-26355]
Action.c(227): web_url("test") was successful, 58599 body bytes, 467 header bytes, 45 chunking overhead bytes  	[MsgId: MMSG-26385]
Action.c(236): web_set_sockets_option started  	[MsgId: MMSG-26355]
Action.c(236): web_set_sockets_option was successful  	[MsgId: MMSG-26392]
Action.c(238): web_add_auto_header("Origin") started  	[MsgId: MMSG-26355]
Action.c(238): web_add_auto_header("Origin") was successful  	[MsgId: MMSG-26392]
Action.c(241): web_custom_request("previewChart") started  	[MsgId: MMSG-26355]
Action.c(241): Error -26612: HTTP Status-Code=500 (Internal Server Error) for "https://dev-boomq.pflb.ru/report-srv/report/previewChart"  	[MsgId: MERR-26612]
End auto log messages stack.	[MsgId: MMSG-10544]


Start auto log messages stack - Iteration 15.	[MsgId: MMSG-10545]
Action.c(220): Registering web_reg_save_param_json was successful  	[MsgId: MMSG-26390]
Action.c(227): web_url("test") started  	[MsgId: MMSG-26355]
Action.c(227): web_url("test") was successful, 58599 body bytes, 467 header bytes, 68 chunking overhead bytes  	[MsgId: MMSG-26385]
Action.c(236): web_set_sockets_option started  	[MsgId: MMSG-26355]
Action.c(236): web_set_sockets_option was successful  	[MsgId: MMSG-26392]
Action.c(238): web_add_auto_header("Origin") started  	[MsgId: MMSG-26355]
Action.c(238): web_add_auto_header("Origin") was successful  	[MsgId: MMSG-26392]
Action.c(241): web_custom_request("previewChart") started  	[MsgId: MMSG-26355]
Action.c(241): Error -26612: HTTP Status-Code=500 (Internal Server Error) for "https://dev-boomq.pflb.ru/report-srv/report/previewChart"  	[MsgId: MERR-26612]
End auto log messages stack.	[MsgId: MMSG-10544]


Start auto log messages stack - Iteration 16.	[MsgId: MMSG-10545]
Action.c(220): Registering web_reg_save_param_json was successful  	[MsgId: MMSG-26390]
Action.c(227): web_url("test") started  	[MsgId: MMSG-26355]
Action.c(227): web_url("test") was successful, 58599 body bytes, 467 header bytes, 76 chunking overhead bytes  	[MsgId: MMSG-26385]
Action.c(236): web_set_sockets_option started  	[MsgId: MMSG-26355]
Action.c(236): web_set_sockets_option was successful  	[MsgId: MMSG-26392]
Action.c(238): web_add_auto_header("Origin") started  	[MsgId: MMSG-26355]
Action.c(238): web_add_auto_header("Origin") was successful  	[MsgId: MMSG-26392]
Action.c(241): web_custom_request("previewChart") started  	[MsgId: MMSG-26355]
Action.c(241): Error -26612: HTTP Status-Code=500 (Internal Server Error) for "https://dev-boomq.pflb.ru/report-srv/report/previewChart"  	[MsgId: MERR-26612]
End auto log messages stack.	[MsgId: MMSG-10544]


