Start auto log messages stack - Iteration 35.	[MsgId: MMSG-10545]
Action.c(220): Registering web_reg_save_param_json was successful  	[MsgId: MMSG-26390]
Action.c(227): web_url("test") started  	[MsgId: MMSG-26355]
Action.c(227): web_url("test") was successful, 58599 body bytes, 467 header bytes, 68 chunking overhead bytes  	[MsgId: MMSG-26385]
Action.c(236): web_set_sockets_option started  	[MsgId: MMSG-26355]
Action.c(236): web_set_sockets_option was successful  	[MsgId: MMSG-26392]
Action.c(238): web_add_auto_header("Origin") started  	[MsgId: MMSG-26355]
Action.c(238): web_add_auto_header("Origin") was successful  	[MsgId: MMSG-26392]
Action.c(241): web_custom_request("previewChart") started  	[MsgId: MMSG-26355]
Action.c(241): Error -26611: HTTP Status-Code=500 (Internal Server Error) for "https://dev-boomq.pflb.ru/report-srv/report/previewChart"  	[MsgId: MERR-26611]
End auto log messages stack.	[MsgId: MMSG-10544]


Start auto log messages stack - Iteration 11.	[MsgId: MMSG-10545]
Action.c(220): Registering web_reg_save_param_json was successful  	[MsgId: MMSG-26390]
Action.c(227): web_url("test") started  	[MsgId: MMSG-26355]
Action.c(227): web_url("test") was successful, 58599 body bytes, 467 header bytes, 53 chunking overhead bytes  	[MsgId: MMSG-26385]
Action.c(236): web_set_sockets_option started  	[MsgId: MMSG-26355]
Action.c(236): web_set_sockets_option was successful  	[MsgId: MMSG-26392]
Action.c(238): web_add_auto_header("Origin") started  	[MsgId: MMSG-26355]
Action.c(238): web_add_auto_header("Origin") was successful  	[MsgId: MMSG-26392]
Action.c(241): web_custom_request("previewChart") started  	[MsgId: MMSG-26355]
Action.c(241): Error -26611: HTTP Status-Code=500 (Internal Server Error) for "https://dev-boomq.pflb.ru/report-srv/report/previewChart"  	[MsgId: MERR-26611]
End auto log messages stack.	[MsgId: MMSG-10544]


Start auto log messages stack - Iteration 36.	[MsgId: MMSG-10545]
Action.c(220): Registering web_reg_save_param_json was successful  	[MsgId: MMSG-26390]
Action.c(227): web_url("test") started  	[MsgId: MMSG-26355]
Action.c(227): web_url("test") was successful, 58599 body bytes, 467 header bytes, 68 chunking overhead bytes  	[MsgId: MMSG-26385]
Action.c(236): web_set_sockets_option started  	[MsgId: MMSG-26355]
Action.c(236): web_set_sockets_option was successful  	[MsgId: MMSG-26392]
Action.c(238): web_add_auto_header("Origin") started  	[MsgId: MMSG-26355]
Action.c(238): web_add_auto_header("Origin") was successful  	[MsgId: MMSG-26392]
Action.c(241): web_custom_request("previewChart") started  	[MsgId: MMSG-26355]
Action.c(241): Error -26611: HTTP Status-Code=500 (Internal Server Error) for "https://dev-boomq.pflb.ru/report-srv/report/previewChart"  	[MsgId: MERR-26611]
End auto log messages stack.	[MsgId: MMSG-10544]


Start auto log messages stack - Iteration 12.	[MsgId: MMSG-10545]
Action.c(220): Registering web_reg_save_param_json was successful  	[MsgId: MMSG-26390]
Action.c(227): web_url("test") started  	[MsgId: MMSG-26355]
Action.c(227): web_url("test") was successful, 58599 body bytes, 467 header bytes, 68 chunking overhead bytes  	[MsgId: MMSG-26385]
Action.c(236): web_set_sockets_option started  	[MsgId: MMSG-26355]
Action.c(236): web_set_sockets_option was successful  	[MsgId: MMSG-26392]
Action.c(238): web_add_auto_header("Origin") started  	[MsgId: MMSG-26355]
Action.c(238): web_add_auto_header("Origin") was successful  	[MsgId: MMSG-26392]
Action.c(241): web_custom_request("previewChart") started  	[MsgId: MMSG-26355]
Action.c(241): Error -26611: HTTP Status-Code=500 (Internal Server Error) for "https://dev-boomq.pflb.ru/report-srv/report/previewChart"  	[MsgId: MERR-26611]
End auto log messages stack.	[MsgId: MMSG-10544]


Start auto log messages stack - Iteration 37.	[MsgId: MMSG-10545]
Action.c(220): Registering web_reg_save_param_json was successful  	[MsgId: MMSG-26390]
Action.c(227): web_url("test") started  	[MsgId: MMSG-26355]
Action.c(227): web_url("test") was successful, 58599 body bytes, 467 header bytes, 68 chunking overhead bytes  	[MsgId: MMSG-26385]
Action.c(236): web_set_sockets_option started  	[MsgId: MMSG-26355]
Action.c(236): web_set_sockets_option was successful  	[MsgId: MMSG-26392]
Action.c(238): web_add_auto_header("Origin") started  	[MsgId: MMSG-26355]
Action.c(238): web_add_auto_header("Origin") was successful  	[MsgId: MMSG-26392]
Action.c(241): web_custom_request("previewChart") started  	[MsgId: MMSG-26355]
Action.c(241): Error -26611: HTTP Status-Code=500 (Internal Server Error) for "https://dev-boomq.pflb.ru/report-srv/report/previewChart"  	[MsgId: MERR-26611]
End auto log messages stack.	[MsgId: MMSG-10544]


Start auto log messages stack - Iteration 13.	[MsgId: MMSG-10545]
Action.c(220): Registering web_reg_save_param_json was successful  	[MsgId: MMSG-26390]
Action.c(227): web_url("test") started  	[MsgId: MMSG-26355]
Action.c(227): web_url("test") was successful, 58599 body bytes, 467 header bytes, 68 chunking overhead bytes  	[MsgId: MMSG-26385]
Action.c(236): web_set_sockets_option started  	[MsgId: MMSG-26355]
Action.c(236): web_set_sockets_option was successful  	[MsgId: MMSG-26392]
Action.c(238): web_add_auto_header("Origin") started  	[MsgId: MMSG-26355]
Action.c(238): web_add_auto_header("Origin") was successful  	[MsgId: MMSG-26392]
Action.c(241): web_custom_request("previewChart") started  	[MsgId: MMSG-26355]
Action.c(241): Error -26611: HTTP Status-Code=500 (Internal Server Error) for "https://dev-boomq.pflb.ru/report-srv/report/previewChart"  	[MsgId: MERR-26611]
End auto log messages stack.	[MsgId: MMSG-10544]


Start auto log messages stack - Iteration 38.	[MsgId: MMSG-10545]
Action.c(220): Registering web_reg_save_param_json was successful  	[MsgId: MMSG-26390]
Action.c(227): web_url("test") started  	[MsgId: MMSG-26355]
Action.c(227): web_url("test") was successful, 58599 body bytes, 467 header bytes, 68 chunking overhead bytes  	[MsgId: MMSG-26385]
Action.c(236): web_set_sockets_option started  	[MsgId: MMSG-26355]
Action.c(236): web_set_sockets_option was successful  	[MsgId: MMSG-26392]
Action.c(238): web_add_auto_header("Origin") started  	[MsgId: MMSG-26355]
Action.c(238): web_add_auto_header("Origin") was successful  	[MsgId: MMSG-26392]
Action.c(241): web_custom_request("previewChart") started  	[MsgId: MMSG-26355]
Action.c(241): Error -26611: HTTP Status-Code=500 (Internal Server Error) for "https://dev-boomq.pflb.ru/report-srv/report/previewChart"  	[MsgId: MERR-26611]
End auto log messages stack.	[MsgId: MMSG-10544]


Start auto log messages stack - Iteration 14.	[MsgId: MMSG-10545]
Action.c(220): Registering web_reg_save_param_json was successful  	[MsgId: MMSG-26390]
Action.c(227): web_url("test") started  	[MsgId: MMSG-26355]
Action.c(227): web_url("test") was successful, 58599 body bytes, 467 header bytes, 68 chunking overhead bytes  	[MsgId: MMSG-26385]
Action.c(236): web_set_sockets_option started  	[MsgId: MMSG-26355]
Action.c(236): web_set_sockets_option was successful  	[MsgId: MMSG-26392]
Action.c(238): web_add_auto_header("Origin") started  	[MsgId: MMSG-26355]
Action.c(238): web_add_auto_header("Origin") was successful  	[MsgId: MMSG-26392]
Action.c(241): web_custom_request("previewChart") started  	[MsgId: MMSG-26355]
Action.c(241): Error -26611: HTTP Status-Code=500 (Internal Server Error) for "https://dev-boomq.pflb.ru/report-srv/report/previewChart"  	[MsgId: MERR-26611]
End auto log messages stack.	[MsgId: MMSG-10544]


Start auto log messages stack - Iteration 39.	[MsgId: MMSG-10545]
Action.c(220): Registering web_reg_save_param_json was successful  	[MsgId: MMSG-26390]
Action.c(227): web_url("test") started  	[MsgId: MMSG-26355]
Action.c(227): web_url("test") was successful, 58599 body bytes, 467 header bytes, 68 chunking overhead bytes  	[MsgId: MMSG-26385]
Action.c(236): web_set_sockets_option started  	[MsgId: MMSG-26355]
Action.c(236): web_set_sockets_option was successful  	[MsgId: MMSG-26392]
Action.c(238): web_add_auto_header("Origin") started  	[MsgId: MMSG-26355]
Action.c(238): web_add_auto_header("Origin") was successful  	[MsgId: MMSG-26392]
Action.c(241): web_custom_request("previewChart") started  	[MsgId: MMSG-26355]
Action.c(241): Error -26611: HTTP Status-Code=500 (Internal Server Error) for "https://dev-boomq.pflb.ru/report-srv/report/previewChart"  	[MsgId: MERR-26611]
End auto log messages stack.	[MsgId: MMSG-10544]


Start auto log messages stack - Iteration 15.	[MsgId: MMSG-10545]
Action.c(220): Registering web_reg_save_param_json was successful  	[MsgId: MMSG-26390]
Action.c(227): web_url("test") started  	[MsgId: MMSG-26355]
Action.c(227): web_url("test") was successful, 58599 body bytes, 467 header bytes, 68 chunking overhead bytes  	[MsgId: MMSG-26385]
Action.c(236): web_set_sockets_option started  	[MsgId: MMSG-26355]
Action.c(236): web_set_sockets_option was successful  	[MsgId: MMSG-26392]
Action.c(238): web_add_auto_header("Origin") started  	[MsgId: MMSG-26355]
Action.c(238): web_add_auto_header("Origin") was successful  	[MsgId: MMSG-26392]
Action.c(241): web_custom_request("previewChart") started  	[MsgId: MMSG-26355]
Action.c(241): Error -26611: HTTP Status-Code=500 (Internal Server Error) for "https://dev-boomq.pflb.ru/report-srv/report/previewChart"  	[MsgId: MERR-26611]
End auto log messages stack.	[MsgId: MMSG-10544]


Start auto log messages stack - Iteration 40.	[MsgId: MMSG-10545]
Action.c(220): Registering web_reg_save_param_json was successful  	[MsgId: MMSG-26390]
Action.c(227): web_url("test") started  	[MsgId: MMSG-26355]
Action.c(227): web_url("test") was successful, 58599 body bytes, 467 header bytes, 68 chunking overhead bytes  	[MsgId: MMSG-26385]
Action.c(236): web_set_sockets_option started  	[MsgId: MMSG-26355]
Action.c(236): web_set_sockets_option was successful  	[MsgId: MMSG-26392]
Action.c(238): web_add_auto_header("Origin") started  	[MsgId: MMSG-26355]
Action.c(238): web_add_auto_header("Origin") was successful  	[MsgId: MMSG-26392]
Action.c(241): web_custom_request("previewChart") started  	[MsgId: MMSG-26355]
Action.c(241): Error -26611: HTTP Status-Code=500 (Internal Server Error) for "https://dev-boomq.pflb.ru/report-srv/report/previewChart"  	[MsgId: MERR-26611]
End auto log messages stack.	[MsgId: MMSG-10544]


Start auto log messages stack - Iteration 16.	[MsgId: MMSG-10545]
Action.c(220): Registering web_reg_save_param_json was successful  	[MsgId: MMSG-26390]
Action.c(227): web_url("test") started  	[MsgId: MMSG-26355]
Action.c(227): web_url("test") was successful, 58599 body bytes, 467 header bytes, 68 chunking overhead bytes  	[MsgId: MMSG-26385]
Action.c(236): web_set_sockets_option started  	[MsgId: MMSG-26355]
Action.c(236): web_set_sockets_option was successful  	[MsgId: MMSG-26392]
Action.c(238): web_add_auto_header("Origin") started  	[MsgId: MMSG-26355]
Action.c(238): web_add_auto_header("Origin") was successful  	[MsgId: MMSG-26392]
Action.c(241): web_custom_request("previewChart") started  	[MsgId: MMSG-26355]
Action.c(241): Error -26611: HTTP Status-Code=500 (Internal Server Error) for "https://dev-boomq.pflb.ru/report-srv/report/previewChart"  	[MsgId: MERR-26611]
End auto log messages stack.	[MsgId: MMSG-10544]


Start auto log messages stack - Iteration 41.	[MsgId: MMSG-10545]
Action.c(220): Registering web_reg_save_param_json was successful  	[MsgId: MMSG-26390]
Action.c(227): web_url("test") started  	[MsgId: MMSG-26355]
Action.c(227): web_url("test") was successful, 58599 body bytes, 467 header bytes, 68 chunking overhead bytes  	[MsgId: MMSG-26385]
Action.c(236): web_set_sockets_option started  	[MsgId: MMSG-26355]
Action.c(236): web_set_sockets_option was successful  	[MsgId: MMSG-26392]
Action.c(238): web_add_auto_header("Origin") started  	[MsgId: MMSG-26355]
Action.c(238): web_add_auto_header("Origin") was successful  	[MsgId: MMSG-26392]
Action.c(241): web_custom_request("previewChart") started  	[MsgId: MMSG-26355]
Action.c(241): Error -26611: HTTP Status-Code=500 (Internal Server Error) for "https://dev-boomq.pflb.ru/report-srv/report/previewChart"  	[MsgId: MERR-26611]
End auto log messages stack.	[MsgId: MMSG-10544]


Start auto log messages stack - Iteration 17.	[MsgId: MMSG-10545]
Action.c(220): Registering web_reg_save_param_json was successful  	[MsgId: MMSG-26390]
Action.c(227): web_url("test") started  	[MsgId: MMSG-26355]
Action.c(227): web_url("test") was successful, 58599 body bytes, 467 header bytes, 68 chunking overhead bytes  	[MsgId: MMSG-26385]
Action.c(236): web_set_sockets_option started  	[MsgId: MMSG-26355]
Action.c(236): web_set_sockets_option was successful  	[MsgId: MMSG-26392]
Action.c(238): web_add_auto_header("Origin") started  	[MsgId: MMSG-26355]
Action.c(238): web_add_auto_header("Origin") was successful  	[MsgId: MMSG-26392]
Action.c(241): web_custom_request("previewChart") started  	[MsgId: MMSG-26355]
Action.c(241): Error -26611: HTTP Status-Code=500 (Internal Server Error) for "https://dev-boomq.pflb.ru/report-srv/report/previewChart"  	[MsgId: MERR-26611]
End auto log messages stack.	[MsgId: MMSG-10544]


Start auto log messages stack - Iteration 42.	[MsgId: MMSG-10545]
Action.c(220): Registering web_reg_save_param_json was successful  	[MsgId: MMSG-26390]
Action.c(227): web_url("test") started  	[MsgId: MMSG-26355]
Action.c(227): web_url("test") was successful, 58599 body bytes, 467 header bytes, 68 chunking overhead bytes  	[MsgId: MMSG-26385]
Action.c(236): web_set_sockets_option started  	[MsgId: MMSG-26355]
Action.c(236): web_set_sockets_option was successful  	[MsgId: MMSG-26392]
Action.c(238): web_add_auto_header("Origin") started  	[MsgId: MMSG-26355]
Action.c(238): web_add_auto_header("Origin") was successful  	[MsgId: MMSG-26392]
Action.c(241): web_custom_request("previewChart") started  	[MsgId: MMSG-26355]
Action.c(241): Error -26611: HTTP Status-Code=500 (Internal Server Error) for "https://dev-boomq.pflb.ru/report-srv/report/previewChart"  	[MsgId: MERR-26611]
End auto log messages stack.	[MsgId: MMSG-10544]


Start auto log messages stack - Iteration 18.	[MsgId: MMSG-10545]
Action.c(220): Registering web_reg_save_param_json was successful  	[MsgId: MMSG-26390]
Action.c(227): web_url("test") started  	[MsgId: MMSG-26355]
Action.c(227): web_url("test") was successful, 58599 body bytes, 467 header bytes, 68 chunking overhead bytes  	[MsgId: MMSG-26385]
Action.c(236): web_set_sockets_option started  	[MsgId: MMSG-26355]
Action.c(236): web_set_sockets_option was successful  	[MsgId: MMSG-26392]
Action.c(238): web_add_auto_header("Origin") started  	[MsgId: MMSG-26355]
Action.c(238): web_add_auto_header("Origin") was successful  	[MsgId: MMSG-26392]
Action.c(241): web_custom_request("previewChart") started  	[MsgId: MMSG-26355]
Action.c(241): Error -26611: HTTP Status-Code=500 (Internal Server Error) for "https://dev-boomq.pflb.ru/report-srv/report/previewChart"  	[MsgId: MERR-26611]
End auto log messages stack.	[MsgId: MMSG-10544]


Start auto log messages stack - Iteration 43.	[MsgId: MMSG-10545]
Action.c(220): Registering web_reg_save_param_json was successful  	[MsgId: MMSG-26390]
Action.c(227): web_url("test") started  	[MsgId: MMSG-26355]
Action.c(227): web_url("test") was successful, 58599 body bytes, 467 header bytes, 68 chunking overhead bytes  	[MsgId: MMSG-26385]
Action.c(236): web_set_sockets_option started  	[MsgId: MMSG-26355]
Action.c(236): web_set_sockets_option was successful  	[MsgId: MMSG-26392]
Action.c(238): web_add_auto_header("Origin") started  	[MsgId: MMSG-26355]
Action.c(238): web_add_auto_header("Origin") was successful  	[MsgId: MMSG-26392]
Action.c(241): web_custom_request("previewChart") started  	[MsgId: MMSG-26355]
Action.c(241): Error -26611: HTTP Status-Code=500 (Internal Server Error) for "https://dev-boomq.pflb.ru/report-srv/report/previewChart"  	[MsgId: MERR-26611]
End auto log messages stack.	[MsgId: MMSG-10544]


Start auto log messages stack - Iteration 19.	[MsgId: MMSG-10545]
Action.c(220): Registering web_reg_save_param_json was successful  	[MsgId: MMSG-26390]
Action.c(227): web_url("test") started  	[MsgId: MMSG-26355]
Action.c(227): web_url("test") was successful, 58599 body bytes, 467 header bytes, 68 chunking overhead bytes  	[MsgId: MMSG-26385]
Action.c(236): web_set_sockets_option started  	[MsgId: MMSG-26355]
Action.c(236): web_set_sockets_option was successful  	[MsgId: MMSG-26392]
Action.c(238): web_add_auto_header("Origin") started  	[MsgId: MMSG-26355]
Action.c(238): web_add_auto_header("Origin") was successful  	[MsgId: MMSG-26392]
Action.c(241): web_custom_request("previewChart") started  	[MsgId: MMSG-26355]
Action.c(241): Error -26611: HTTP Status-Code=500 (Internal Server Error) for "https://dev-boomq.pflb.ru/report-srv/report/previewChart"  	[MsgId: MERR-26611]
End auto log messages stack.	[MsgId: MMSG-10544]


Start auto log messages stack - Iteration 44.	[MsgId: MMSG-10545]
Action.c(220): Registering web_reg_save_param_json was successful  	[MsgId: MMSG-26390]
Action.c(227): web_url("test") started  	[MsgId: MMSG-26355]
Action.c(227): web_url("test") was successful, 58599 body bytes, 467 header bytes, 53 chunking overhead bytes  	[MsgId: MMSG-26385]
Action.c(236): web_set_sockets_option started  	[MsgId: MMSG-26355]
Action.c(236): web_set_sockets_option was successful  	[MsgId: MMSG-26392]
Action.c(238): web_add_auto_header("Origin") started  	[MsgId: MMSG-26355]
Action.c(238): web_add_auto_header("Origin") was successful  	[MsgId: MMSG-26392]
Action.c(241): web_custom_request("previewChart") started  	[MsgId: MMSG-26355]
Action.c(241): Error -26611: HTTP Status-Code=500 (Internal Server Error) for "https://dev-boomq.pflb.ru/report-srv/report/previewChart"  	[MsgId: MERR-26611]
End auto log messages stack.	[MsgId: MMSG-10544]


Start auto log messages stack - Iteration 20.	[MsgId: MMSG-10545]
Action.c(220): Registering web_reg_save_param_json was successful  	[MsgId: MMSG-26390]
Action.c(227): web_url("test") started  	[MsgId: MMSG-26355]
Action.c(227): web_url("test") was successful, 58599 body bytes, 467 header bytes, 68 chunking overhead bytes  	[MsgId: MMSG-26385]
Action.c(236): web_set_sockets_option started  	[MsgId: MMSG-26355]
Action.c(236): web_set_sockets_option was successful  	[MsgId: MMSG-26392]
Action.c(238): web_add_auto_header("Origin") started  	[MsgId: MMSG-26355]
Action.c(238): web_add_auto_header("Origin") was successful  	[MsgId: MMSG-26392]
Action.c(241): web_custom_request("previewChart") started  	[MsgId: MMSG-26355]
Action.c(241): Error -26611: HTTP Status-Code=500 (Internal Server Error) for "https://dev-boomq.pflb.ru/report-srv/report/previewChart"  	[MsgId: MERR-26611]
End auto log messages stack.	[MsgId: MMSG-10544]


Start auto log messages stack - Iteration 45.	[MsgId: MMSG-10545]
Action.c(220): Registering web_reg_save_param_json was successful  	[MsgId: MMSG-26390]
Action.c(227): web_url("test") started  	[MsgId: MMSG-26355]
Action.c(227): web_url("test") was successful, 58599 body bytes, 467 header bytes, 68 chunking overhead bytes  	[MsgId: MMSG-26385]
Action.c(236): web_set_sockets_option started  	[MsgId: MMSG-26355]
Action.c(236): web_set_sockets_option was successful  	[MsgId: MMSG-26392]
Action.c(238): web_add_auto_header("Origin") started  	[MsgId: MMSG-26355]
Action.c(238): web_add_auto_header("Origin") was successful  	[MsgId: MMSG-26392]
Action.c(241): web_custom_request("previewChart") started  	[MsgId: MMSG-26355]
Action.c(241): Error -26611: HTTP Status-Code=500 (Internal Server Error) for "https://dev-boomq.pflb.ru/report-srv/report/previewChart"  	[MsgId: MERR-26611]
End auto log messages stack.	[MsgId: MMSG-10544]


Start auto log messages stack - Iteration 21.	[MsgId: MMSG-10545]
Action.c(220): Registering web_reg_save_param_json was successful  	[MsgId: MMSG-26390]
Action.c(227): web_url("test") started  	[MsgId: MMSG-26355]
Action.c(227): web_url("test") was successful, 58599 body bytes, 467 header bytes, 68 chunking overhead bytes  	[MsgId: MMSG-26385]
Action.c(236): web_set_sockets_option started  	[MsgId: MMSG-26355]
Action.c(236): web_set_sockets_option was successful  	[MsgId: MMSG-26392]
Action.c(238): web_add_auto_header("Origin") started  	[MsgId: MMSG-26355]
Action.c(238): web_add_auto_header("Origin") was successful  	[MsgId: MMSG-26392]
Action.c(241): web_custom_request("previewChart") started  	[MsgId: MMSG-26355]
Action.c(241): Error -26611: HTTP Status-Code=500 (Internal Server Error) for "https://dev-boomq.pflb.ru/report-srv/report/previewChart"  	[MsgId: MERR-26611]
End auto log messages stack.	[MsgId: MMSG-10544]


Start auto log messages stack - Iteration 46.	[MsgId: MMSG-10545]
Action.c(220): Registering web_reg_save_param_json was successful  	[MsgId: MMSG-26390]
Action.c(227): web_url("test") started  	[MsgId: MMSG-26355]
Action.c(227): web_url("test") was successful, 58599 body bytes, 467 header bytes, 68 chunking overhead bytes  	[MsgId: MMSG-26385]
Action.c(236): web_set_sockets_option started  	[MsgId: MMSG-26355]
Action.c(236): web_set_sockets_option was successful  	[MsgId: MMSG-26392]
Action.c(238): web_add_auto_header("Origin") started  	[MsgId: MMSG-26355]
Action.c(238): web_add_auto_header("Origin") was successful  	[MsgId: MMSG-26392]
Action.c(241): web_custom_request("previewChart") started  	[MsgId: MMSG-26355]
Action.c(241): Error -26611: HTTP Status-Code=500 (Internal Server Error) for "https://dev-boomq.pflb.ru/report-srv/report/previewChart"  	[MsgId: MERR-26611]
End auto log messages stack.	[MsgId: MMSG-10544]


Start auto log messages stack - Iteration 22.	[MsgId: MMSG-10545]
Action.c(220): Registering web_reg_save_param_json was successful  	[MsgId: MMSG-26390]
Action.c(227): web_url("test") started  	[MsgId: MMSG-26355]
Action.c(227): web_url("test") was successful, 58599 body bytes, 467 header bytes, 68 chunking overhead bytes  	[MsgId: MMSG-26385]
Action.c(236): web_set_sockets_option started  	[MsgId: MMSG-26355]
Action.c(236): web_set_sockets_option was successful  	[MsgId: MMSG-26392]
Action.c(238): web_add_auto_header("Origin") started  	[MsgId: MMSG-26355]
Action.c(238): web_add_auto_header("Origin") was successful  	[MsgId: MMSG-26392]
Action.c(241): web_custom_request("previewChart") started  	[MsgId: MMSG-26355]
Action.c(241): Error -26611: HTTP Status-Code=500 (Internal Server Error) for "https://dev-boomq.pflb.ru/report-srv/report/previewChart"  	[MsgId: MERR-26611]
End auto log messages stack.	[MsgId: MMSG-10544]


Start auto log messages stack - Iteration 47.	[MsgId: MMSG-10545]
Action.c(220): Registering web_reg_save_param_json was successful  	[MsgId: MMSG-26390]
Action.c(227): web_url("test") started  	[MsgId: MMSG-26355]
Action.c(227): web_url("test") was successful, 58599 body bytes, 467 header bytes, 68 chunking overhead bytes  	[MsgId: MMSG-26385]
Action.c(236): web_set_sockets_option started  	[MsgId: MMSG-26355]
Action.c(236): web_set_sockets_option was successful  	[MsgId: MMSG-26392]
Action.c(238): web_add_auto_header("Origin") started  	[MsgId: MMSG-26355]
Action.c(238): web_add_auto_header("Origin") was successful  	[MsgId: MMSG-26392]
Action.c(241): web_custom_request("previewChart") started  	[MsgId: MMSG-26355]
Action.c(241): Error -26611: HTTP Status-Code=500 (Internal Server Error) for "https://dev-boomq.pflb.ru/report-srv/report/previewChart"  	[MsgId: MERR-26611]
End auto log messages stack.	[MsgId: MMSG-10544]


Start auto log messages stack - Iteration 23.	[MsgId: MMSG-10545]
Action.c(220): Registering web_reg_save_param_json was successful  	[MsgId: MMSG-26390]
Action.c(227): web_url("test") started  	[MsgId: MMSG-26355]
Action.c(227): web_url("test") was successful, 58599 body bytes, 467 header bytes, 68 chunking overhead bytes  	[MsgId: MMSG-26385]
Action.c(236): web_set_sockets_option started  	[MsgId: MMSG-26355]
Action.c(236): web_set_sockets_option was successful  	[MsgId: MMSG-26392]
Action.c(238): web_add_auto_header("Origin") started  	[MsgId: MMSG-26355]
Action.c(238): web_add_auto_header("Origin") was successful  	[MsgId: MMSG-26392]
Action.c(241): web_custom_request("previewChart") started  	[MsgId: MMSG-26355]
Action.c(241): Error -26611: HTTP Status-Code=500 (Internal Server Error) for "https://dev-boomq.pflb.ru/report-srv/report/previewChart"  	[MsgId: MERR-26611]
End auto log messages stack.	[MsgId: MMSG-10544]


Start auto log messages stack - Iteration 48.	[MsgId: MMSG-10545]
Action.c(220): Registering web_reg_save_param_json was successful  	[MsgId: MMSG-26390]
Action.c(227): web_url("test") started  	[MsgId: MMSG-26355]
Action.c(227): web_url("test") was successful, 58599 body bytes, 467 header bytes, 68 chunking overhead bytes  	[MsgId: MMSG-26385]
Action.c(236): web_set_sockets_option started  	[MsgId: MMSG-26355]
Action.c(236): web_set_sockets_option was successful  	[MsgId: MMSG-26392]
Action.c(238): web_add_auto_header("Origin") started  	[MsgId: MMSG-26355]
Action.c(238): web_add_auto_header("Origin") was successful  	[MsgId: MMSG-26392]
Action.c(241): web_custom_request("previewChart") started  	[MsgId: MMSG-26355]
Action.c(241): Error -26611: HTTP Status-Code=500 (Internal Server Error) for "https://dev-boomq.pflb.ru/report-srv/report/previewChart"  	[MsgId: MERR-26611]
End auto log messages stack.	[MsgId: MMSG-10544]


Start auto log messages stack - Iteration 24.	[MsgId: MMSG-10545]
Action.c(220): Registering web_reg_save_param_json was successful  	[MsgId: MMSG-26390]
Action.c(227): web_url("test") started  	[MsgId: MMSG-26355]
Action.c(227): web_url("test") was successful, 58599 body bytes, 467 header bytes, 68 chunking overhead bytes  	[MsgId: MMSG-26385]
Action.c(236): web_set_sockets_option started  	[MsgId: MMSG-26355]
Action.c(236): web_set_sockets_option was successful  	[MsgId: MMSG-26392]
Action.c(238): web_add_auto_header("Origin") started  	[MsgId: MMSG-26355]
Action.c(238): web_add_auto_header("Origin") was successful  	[MsgId: MMSG-26392]
Action.c(241): web_custom_request("previewChart") started  	[MsgId: MMSG-26355]
Action.c(241): Error -26611: HTTP Status-Code=500 (Internal Server Error) for "https://dev-boomq.pflb.ru/report-srv/report/previewChart"  	[MsgId: MERR-26611]
End auto log messages stack.	[MsgId: MMSG-10544]


Start auto log messages stack - Iteration 49.	[MsgId: MMSG-10545]
Action.c(220): Registering web_reg_save_param_json was successful  	[MsgId: MMSG-26390]
Action.c(227): web_url("test") started  	[MsgId: MMSG-26355]
Action.c(227): web_url("test") was successful, 58599 body bytes, 467 header bytes, 68 chunking overhead bytes  	[MsgId: MMSG-26385]
Action.c(236): web_set_sockets_option started  	[MsgId: MMSG-26355]
Action.c(236): web_set_sockets_option was successful  	[MsgId: MMSG-26392]
Action.c(238): web_add_auto_header("Origin") started  	[MsgId: MMSG-26355]
Action.c(238): web_add_auto_header("Origin") was successful  	[MsgId: MMSG-26392]
Action.c(241): web_custom_request("previewChart") started  	[MsgId: MMSG-26355]
Action.c(241): Error -26611: HTTP Status-Code=500 (Internal Server Error) for "https://dev-boomq.pflb.ru/report-srv/report/previewChart"  	[MsgId: MERR-26611]
End auto log messages stack.	[MsgId: MMSG-10544]


Start auto log messages stack - Iteration 25.	[MsgId: MMSG-10545]
Action.c(220): Registering web_reg_save_param_json was successful  	[MsgId: MMSG-26390]
Action.c(227): web_url("test") started  	[MsgId: MMSG-26355]
Action.c(227): web_url("test") was successful, 58599 body bytes, 467 header bytes, 68 chunking overhead bytes  	[MsgId: MMSG-26385]
Action.c(236): web_set_sockets_option started  	[MsgId: MMSG-26355]
Action.c(236): web_set_sockets_option was successful  	[MsgId: MMSG-26392]
Action.c(238): web_add_auto_header("Origin") started  	[MsgId: MMSG-26355]
Action.c(238): web_add_auto_header("Origin") was successful  	[MsgId: MMSG-26392]
Action.c(241): web_custom_request("previewChart") started  	[MsgId: MMSG-26355]
Action.c(241): Error -26611: HTTP Status-Code=500 (Internal Server Error) for "https://dev-boomq.pflb.ru/report-srv/report/previewChart"  	[MsgId: MERR-26611]
End auto log messages stack.	[MsgId: MMSG-10544]


Start auto log messages stack - Iteration 1.	[MsgId: MMSG-10545]
Action.c(220): Registering web_reg_save_param_json was successful  	[MsgId: MMSG-26390]
Action.c(227): web_url("test") started  	[MsgId: MMSG-26355]
Action.c(227): web_url("test") was successful, 58599 body bytes, 467 header bytes, 53 chunking overhead bytes  	[MsgId: MMSG-26385]
Action.c(236): web_set_sockets_option started  	[MsgId: MMSG-26355]
Action.c(236): web_set_sockets_option was successful  	[MsgId: MMSG-26392]
Action.c(238): web_add_auto_header("Origin") started  	[MsgId: MMSG-26355]
Action.c(238): web_add_auto_header("Origin") was successful  	[MsgId: MMSG-26392]
Action.c(241): web_custom_request("previewChart") started  	[MsgId: MMSG-26355]
Action.c(241): Error -26611: HTTP Status-Code=500 (Internal Server Error) for "https://dev-boomq.pflb.ru/report-srv/report/previewChart"  	[MsgId: MERR-26611]
End auto log messages stack.	[MsgId: MMSG-10544]


Start auto log messages stack - Iteration 50.	[MsgId: MMSG-10545]
Action.c(220): Registering web_reg_save_param_json was successful  	[MsgId: MMSG-26390]
Action.c(227): web_url("test") started  	[MsgId: MMSG-26355]
Action.c(227): web_url("test") was successful, 58599 body bytes, 467 header bytes, 68 chunking overhead bytes  	[MsgId: MMSG-26385]
Action.c(236): web_set_sockets_option started  	[MsgId: MMSG-26355]
Action.c(236): web_set_sockets_option was successful  	[MsgId: MMSG-26392]
Action.c(238): web_add_auto_header("Origin") started  	[MsgId: MMSG-26355]
Action.c(238): web_add_auto_header("Origin") was successful  	[MsgId: MMSG-26392]
Action.c(241): web_custom_request("previewChart") started  	[MsgId: MMSG-26355]
Action.c(241): Error -26611: HTTP Status-Code=500 (Internal Server Error) for "https://dev-boomq.pflb.ru/report-srv/report/previewChart"  	[MsgId: MERR-26611]
End auto log messages stack.	[MsgId: MMSG-10544]


Start auto log messages stack - Iteration 26.	[MsgId: MMSG-10545]
Action.c(220): Registering web_reg_save_param_json was successful  	[MsgId: MMSG-26390]
Action.c(227): web_url("test") started  	[MsgId: MMSG-26355]
Action.c(227): web_url("test") was successful, 58599 body bytes, 467 header bytes, 68 chunking overhead bytes  	[MsgId: MMSG-26385]
Action.c(236): web_set_sockets_option started  	[MsgId: MMSG-26355]
Action.c(236): web_set_sockets_option was successful  	[MsgId: MMSG-26392]
Action.c(238): web_add_auto_header("Origin") started  	[MsgId: MMSG-26355]
Action.c(238): web_add_auto_header("Origin") was successful  	[MsgId: MMSG-26392]
Action.c(241): web_custom_request("previewChart") started  	[MsgId: MMSG-26355]
Action.c(241): Error -26611: HTTP Status-Code=500 (Internal Server Error) for "https://dev-boomq.pflb.ru/report-srv/report/previewChart"  	[MsgId: MERR-26611]
End auto log messages stack.	[MsgId: MMSG-10544]


Start auto log messages stack - Iteration 52.	[MsgId: MMSG-10545]
Action.c(220): Registering web_reg_save_param_json was successful  	[MsgId: MMSG-26390]
Action.c(227): web_url("test") started  	[MsgId: MMSG-26355]
Action.c(227): web_url("test") was successful, 58599 body bytes, 467 header bytes, 68 chunking overhead bytes  	[MsgId: MMSG-26385]
Action.c(236): web_set_sockets_option started  	[MsgId: MMSG-26355]
Action.c(236): web_set_sockets_option was successful  	[MsgId: MMSG-26392]
Action.c(238): web_add_auto_header("Origin") started  	[MsgId: MMSG-26355]
Action.c(238): web_add_auto_header("Origin") was successful  	[MsgId: MMSG-26392]
Action.c(241): web_custom_request("previewChart") started  	[MsgId: MMSG-26355]
Action.c(241): Error -26611: HTTP Status-Code=500 (Internal Server Error) for "https://dev-boomq.pflb.ru/report-srv/report/previewChart"  	[MsgId: MERR-26611]
End auto log messages stack.	[MsgId: MMSG-10544]


Start auto log messages stack - Iteration 28.	[MsgId: MMSG-10545]
Action.c(220): Registering web_reg_save_param_json was successful  	[MsgId: MMSG-26390]
Action.c(227): web_url("test") started  	[MsgId: MMSG-26355]
Action.c(227): web_url("test") was successful, 58599 body bytes, 467 header bytes, 68 chunking overhead bytes  	[MsgId: MMSG-26385]
Action.c(236): web_set_sockets_option started  	[MsgId: MMSG-26355]
Action.c(236): web_set_sockets_option was successful  	[MsgId: MMSG-26392]
Action.c(238): web_add_auto_header("Origin") started  	[MsgId: MMSG-26355]
Action.c(238): web_add_auto_header("Origin") was successful  	[MsgId: MMSG-26392]
Action.c(241): web_custom_request("previewChart") started  	[MsgId: MMSG-26355]
Action.c(241): Error -26611: HTTP Status-Code=500 (Internal Server Error) for "https://dev-boomq.pflb.ru/report-srv/report/previewChart"  	[MsgId: MERR-26611]
End auto log messages stack.	[MsgId: MMSG-10544]


Start auto log messages stack - Iteration 4.	[MsgId: MMSG-10545]
Action.c(220): Registering web_reg_save_param_json was successful  	[MsgId: MMSG-26390]
Action.c(227): web_url("test") started  	[MsgId: MMSG-26355]
Action.c(227): web_url("test") was successful, 58599 body bytes, 467 header bytes, 45 chunking overhead bytes  	[MsgId: MMSG-26385]
Action.c(236): web_set_sockets_option started  	[MsgId: MMSG-26355]
Action.c(236): web_set_sockets_option was successful  	[MsgId: MMSG-26392]
Action.c(238): web_add_auto_header("Origin") started  	[MsgId: MMSG-26355]
Action.c(238): web_add_auto_header("Origin") was successful  	[MsgId: MMSG-26392]
Action.c(241): web_custom_request("previewChart") started  	[MsgId: MMSG-26355]
Action.c(241): Error -26611: HTTP Status-Code=500 (Internal Server Error) for "https://dev-boomq.pflb.ru/report-srv/report/previewChart"  	[MsgId: MERR-26611]
End auto log messages stack.	[MsgId: MMSG-10544]


Start auto log messages stack - Iteration 53.	[MsgId: MMSG-10545]
Action.c(220): Registering web_reg_save_param_json was successful  	[MsgId: MMSG-26390]
Action.c(227): web_url("test") started  	[MsgId: MMSG-26355]
Action.c(227): web_url("test") was successful, 58599 body bytes, 467 header bytes, 68 chunking overhead bytes  	[MsgId: MMSG-26385]
Action.c(236): web_set_sockets_option started  	[MsgId: MMSG-26355]
Action.c(236): web_set_sockets_option was successful  	[MsgId: MMSG-26392]
Action.c(238): web_add_auto_header("Origin") started  	[MsgId: MMSG-26355]
Action.c(238): web_add_auto_header("Origin") was successful  	[MsgId: MMSG-26392]
Action.c(241): web_custom_request("previewChart") started  	[MsgId: MMSG-26355]
Action.c(241): Error -26611: HTTP Status-Code=500 (Internal Server Error) for "https://dev-boomq.pflb.ru/report-srv/report/previewChart"  	[MsgId: MERR-26611]
End auto log messages stack.	[MsgId: MMSG-10544]


Start auto log messages stack - Iteration 55.	[MsgId: MMSG-10545]
Action.c(220): Registering web_reg_save_param_json was successful  	[MsgId: MMSG-26390]
Action.c(227): web_url("test") started  	[MsgId: MMSG-26355]
Action.c(227): web_url("test") was successful, 58599 body bytes, 467 header bytes, 53 chunking overhead bytes  	[MsgId: MMSG-26385]
Action.c(236): web_set_sockets_option started  	[MsgId: MMSG-26355]
Action.c(236): web_set_sockets_option was successful  	[MsgId: MMSG-26392]
Action.c(238): web_add_auto_header("Origin") started  	[MsgId: MMSG-26355]
Action.c(238): web_add_auto_header("Origin") was successful  	[MsgId: MMSG-26392]
Action.c(241): web_custom_request("previewChart") started  	[MsgId: MMSG-26355]
Action.c(241): Error -26611: HTTP Status-Code=500 (Internal Server Error) for "https://dev-boomq.pflb.ru/report-srv/report/previewChart"  	[MsgId: MERR-26611]
End auto log messages stack.	[MsgId: MMSG-10544]


Start auto log messages stack - Iteration 31.	[MsgId: MMSG-10545]
Action.c(220): Registering web_reg_save_param_json was successful  	[MsgId: MMSG-26390]
Action.c(227): web_url("test") started  	[MsgId: MMSG-26355]
Action.c(227): web_url("test") was successful, 58599 body bytes, 467 header bytes, 68 chunking overhead bytes  	[MsgId: MMSG-26385]
Action.c(236): web_set_sockets_option started  	[MsgId: MMSG-26355]
Action.c(236): web_set_sockets_option was successful  	[MsgId: MMSG-26392]
Action.c(238): web_add_auto_header("Origin") started  	[MsgId: MMSG-26355]
Action.c(238): web_add_auto_header("Origin") was successful  	[MsgId: MMSG-26392]
Action.c(241): web_custom_request("previewChart") started  	[MsgId: MMSG-26355]
Action.c(241): Error -26611: HTTP Status-Code=500 (Internal Server Error) for "https://dev-boomq.pflb.ru/report-srv/report/previewChart"  	[MsgId: MERR-26611]
End auto log messages stack.	[MsgId: MMSG-10544]


Start auto log messages stack - Iteration 7.	[MsgId: MMSG-10545]
Action.c(220): Registering web_reg_save_param_json was successful  	[MsgId: MMSG-26390]
Action.c(227): web_url("test") started  	[MsgId: MMSG-26355]
Action.c(227): web_url("test") was successful, 58599 body bytes, 467 header bytes, 68 chunking overhead bytes  	[MsgId: MMSG-26385]
Action.c(236): web_set_sockets_option started  	[MsgId: MMSG-26355]
Action.c(236): web_set_sockets_option was successful  	[MsgId: MMSG-26392]
Action.c(238): web_add_auto_header("Origin") started  	[MsgId: MMSG-26355]
Action.c(238): web_add_auto_header("Origin") was successful  	[MsgId: MMSG-26392]
Action.c(241): web_custom_request("previewChart") started  	[MsgId: MMSG-26355]
Action.c(241): Error -26611: HTTP Status-Code=500 (Internal Server Error) for "https://dev-boomq.pflb.ru/report-srv/report/previewChart"  	[MsgId: MERR-26611]
End auto log messages stack.	[MsgId: MMSG-10544]


Start auto log messages stack - Iteration 56.	[MsgId: MMSG-10545]
Action.c(220): Registering web_reg_save_param_json was successful  	[MsgId: MMSG-26390]
Action.c(227): web_url("test") started  	[MsgId: MMSG-26355]
Action.c(227): web_url("test") was successful, 58599 body bytes, 467 header bytes, 68 chunking overhead bytes  	[MsgId: MMSG-26385]
Action.c(236): web_set_sockets_option started  	[MsgId: MMSG-26355]
Action.c(236): web_set_sockets_option was successful  	[MsgId: MMSG-26392]
Action.c(238): web_add_auto_header("Origin") started  	[MsgId: MMSG-26355]
Action.c(238): web_add_auto_header("Origin") was successful  	[MsgId: MMSG-26392]
Action.c(241): web_custom_request("previewChart") started  	[MsgId: MMSG-26355]
Action.c(241): Error -26611: HTTP Status-Code=500 (Internal Server Error) for "https://dev-boomq.pflb.ru/report-srv/report/previewChart"  	[MsgId: MERR-26611]
End auto log messages stack.	[MsgId: MMSG-10544]


Start auto log messages stack - Iteration 58.	[MsgId: MMSG-10545]
Action.c(220): Registering web_reg_save_param_json was successful  	[MsgId: MMSG-26390]
Action.c(227): web_url("test") started  	[MsgId: MMSG-26355]
Action.c(227): web_url("test") was successful, 58599 body bytes, 467 header bytes, 68 chunking overhead bytes  	[MsgId: MMSG-26385]
Action.c(236): web_set_sockets_option started  	[MsgId: MMSG-26355]
Action.c(236): web_set_sockets_option was successful  	[MsgId: MMSG-26392]
Action.c(238): web_add_auto_header("Origin") started  	[MsgId: MMSG-26355]
Action.c(238): web_add_auto_header("Origin") was successful  	[MsgId: MMSG-26392]
Action.c(241): web_custom_request("previewChart") started  	[MsgId: MMSG-26355]
Action.c(241): Error -26611: HTTP Status-Code=500 (Internal Server Error) for "https://dev-boomq.pflb.ru/report-srv/report/previewChart"  	[MsgId: MERR-26611]
End auto log messages stack.	[MsgId: MMSG-10544]


Start auto log messages stack - Iteration 34.	[MsgId: MMSG-10545]
Action.c(220): Registering web_reg_save_param_json was successful  	[MsgId: MMSG-26390]
Action.c(227): web_url("test") started  	[MsgId: MMSG-26355]
Action.c(227): web_url("test") was successful, 58599 body bytes, 467 header bytes, 68 chunking overhead bytes  	[MsgId: MMSG-26385]
Action.c(236): web_set_sockets_option started  	[MsgId: MMSG-26355]
Action.c(236): web_set_sockets_option was successful  	[MsgId: MMSG-26392]
Action.c(238): web_add_auto_header("Origin") started  	[MsgId: MMSG-26355]
Action.c(238): web_add_auto_header("Origin") was successful  	[MsgId: MMSG-26392]
Action.c(241): web_custom_request("previewChart") started  	[MsgId: MMSG-26355]
Action.c(241): Error -26611: HTTP Status-Code=500 (Internal Server Error) for "https://dev-boomq.pflb.ru/report-srv/report/previewChart"  	[MsgId: MERR-26611]
End auto log messages stack.	[MsgId: MMSG-10544]


Start auto log messages stack - Iteration 10.	[MsgId: MMSG-10545]
Action.c(220): Registering web_reg_save_param_json was successful  	[MsgId: MMSG-26390]
Action.c(227): web_url("test") started  	[MsgId: MMSG-26355]
Action.c(227): web_url("test") was successful, 58599 body bytes, 467 header bytes, 68 chunking overhead bytes  	[MsgId: MMSG-26385]
Action.c(236): web_set_sockets_option started  	[MsgId: MMSG-26355]
Action.c(236): web_set_sockets_option was successful  	[MsgId: MMSG-26392]
Action.c(238): web_add_auto_header("Origin") started  	[MsgId: MMSG-26355]
Action.c(238): web_add_auto_header("Origin") was successful  	[MsgId: MMSG-26392]
Action.c(241): web_custom_request("previewChart") started  	[MsgId: MMSG-26355]
Action.c(241): Error -26611: HTTP Status-Code=500 (Internal Server Error) for "https://dev-boomq.pflb.ru/report-srv/report/previewChart"  	[MsgId: MERR-26611]
End auto log messages stack.	[MsgId: MMSG-10544]


Start auto log messages stack - Iteration 59.	[MsgId: MMSG-10545]
Action.c(220): Registering web_reg_save_param_json was successful  	[MsgId: MMSG-26390]
Action.c(227): web_url("test") started  	[MsgId: MMSG-26355]
Action.c(227): web_url("test") was successful, 58599 body bytes, 467 header bytes, 68 chunking overhead bytes  	[MsgId: MMSG-26385]
Action.c(236): web_set_sockets_option started  	[MsgId: MMSG-26355]
Action.c(236): web_set_sockets_option was successful  	[MsgId: MMSG-26392]
Action.c(238): web_add_auto_header("Origin") started  	[MsgId: MMSG-26355]
Action.c(238): web_add_auto_header("Origin") was successful  	[MsgId: MMSG-26392]
Action.c(241): web_custom_request("previewChart") started  	[MsgId: MMSG-26355]
Action.c(241): Error -26611: HTTP Status-Code=500 (Internal Server Error) for "https://dev-boomq.pflb.ru/report-srv/report/previewChart"  	[MsgId: MERR-26611]
End auto log messages stack.	[MsgId: MMSG-10544]


Start auto log messages stack - Iteration 61.	[MsgId: MMSG-10545]
Action.c(220): Registering web_reg_save_param_json was successful  	[MsgId: MMSG-26390]
Action.c(227): web_url("test") started  	[MsgId: MMSG-26355]
Action.c(227): web_url("test") was successful, 58599 body bytes, 467 header bytes, 68 chunking overhead bytes  	[MsgId: MMSG-26385]
Action.c(236): web_set_sockets_option started  	[MsgId: MMSG-26355]
Action.c(236): web_set_sockets_option was successful  	[MsgId: MMSG-26392]
Action.c(238): web_add_auto_header("Origin") started  	[MsgId: MMSG-26355]
Action.c(238): web_add_auto_header("Origin") was successful  	[MsgId: MMSG-26392]
Action.c(241): web_custom_request("previewChart") started  	[MsgId: MMSG-26355]
Action.c(241): Error -26611: HTTP Status-Code=500 (Internal Server Error) for "https://dev-boomq.pflb.ru/report-srv/report/previewChart"  	[MsgId: MERR-26611]
End auto log messages stack.	[MsgId: MMSG-10544]


Start auto log messages stack - Iteration 37.	[MsgId: MMSG-10545]
Action.c(220): Registering web_reg_save_param_json was successful  	[MsgId: MMSG-26390]
Action.c(227): web_url("test") started  	[MsgId: MMSG-26355]
Action.c(227): web_url("test") was successful, 58599 body bytes, 467 header bytes, 68 chunking overhead bytes  	[MsgId: MMSG-26385]
Action.c(236): web_set_sockets_option started  	[MsgId: MMSG-26355]
Action.c(236): web_set_sockets_option was successful  	[MsgId: MMSG-26392]
Action.c(238): web_add_auto_header("Origin") started  	[MsgId: MMSG-26355]
Action.c(238): web_add_auto_header("Origin") was successful  	[MsgId: MMSG-26392]
Action.c(241): web_custom_request("previewChart") started  	[MsgId: MMSG-26355]
Action.c(241): Error -26611: HTTP Status-Code=500 (Internal Server Error) for "https://dev-boomq.pflb.ru/report-srv/report/previewChart"  	[MsgId: MERR-26611]
End auto log messages stack.	[MsgId: MMSG-10544]


Start auto log messages stack - Iteration 13.	[MsgId: MMSG-10545]
Action.c(220): Registering web_reg_save_param_json was successful  	[MsgId: MMSG-26390]
Action.c(227): web_url("test") started  	[MsgId: MMSG-26355]
Action.c(227): web_url("test") was successful, 58599 body bytes, 467 header bytes, 68 chunking overhead bytes  	[MsgId: MMSG-26385]
Action.c(236): web_set_sockets_option started  	[MsgId: MMSG-26355]
Action.c(236): web_set_sockets_option was successful  	[MsgId: MMSG-26392]
Action.c(238): web_add_auto_header("Origin") started  	[MsgId: MMSG-26355]
Action.c(238): web_add_auto_header("Origin") was successful  	[MsgId: MMSG-26392]
Action.c(241): web_custom_request("previewChart") started  	[MsgId: MMSG-26355]
Action.c(241): Error -26611: HTTP Status-Code=500 (Internal Server Error) for "https://dev-boomq.pflb.ru/report-srv/report/previewChart"  	[MsgId: MERR-26611]
End auto log messages stack.	[MsgId: MMSG-10544]


Start auto log messages stack - Iteration 62.	[MsgId: MMSG-10545]
Action.c(220): Registering web_reg_save_param_json was successful  	[MsgId: MMSG-26390]
Action.c(227): web_url("test") started  	[MsgId: MMSG-26355]
Action.c(227): web_url("test") was successful, 58599 body bytes, 467 header bytes, 75 chunking overhead bytes  	[MsgId: MMSG-26385]
Action.c(236): web_set_sockets_option started  	[MsgId: MMSG-26355]
Action.c(236): web_set_sockets_option was successful  	[MsgId: MMSG-26392]
Action.c(238): web_add_auto_header("Origin") started  	[MsgId: MMSG-26355]
Action.c(238): web_add_auto_header("Origin") was successful  	[MsgId: MMSG-26392]
Action.c(241): web_custom_request("previewChart") started  	[MsgId: MMSG-26355]
Action.c(241): Error -26611: HTTP Status-Code=500 (Internal Server Error) for "https://dev-boomq.pflb.ru/report-srv/report/previewChart"  	[MsgId: MERR-26611]
End auto log messages stack.	[MsgId: MMSG-10544]


Start auto log messages stack - Iteration 40.	[MsgId: MMSG-10545]
Action.c(220): Registering web_reg_save_param_json was successful  	[MsgId: MMSG-26390]
Action.c(227): web_url("test") started  	[MsgId: MMSG-26355]
Action.c(227): web_url("test") was successful, 58599 body bytes, 467 header bytes, 68 chunking overhead bytes  	[MsgId: MMSG-26385]
Action.c(236): web_set_sockets_option started  	[MsgId: MMSG-26355]
Action.c(236): web_set_sockets_option was successful  	[MsgId: MMSG-26392]
Action.c(238): web_add_auto_header("Origin") started  	[MsgId: MMSG-26355]
Action.c(238): web_add_auto_header("Origin") was successful  	[MsgId: MMSG-26392]
Action.c(241): web_custom_request("previewChart") started  	[MsgId: MMSG-26355]
Action.c(241): Error -26611: HTTP Status-Code=500 (Internal Server Error) for "https://dev-boomq.pflb.ru/report-srv/report/previewChart"  	[MsgId: MERR-26611]
End auto log messages stack.	[MsgId: MMSG-10544]


Start auto log messages stack - Iteration 16.	[MsgId: MMSG-10545]
Action.c(220): Registering web_reg_save_param_json was successful  	[MsgId: MMSG-26390]
Action.c(227): web_url("test") started  	[MsgId: MMSG-26355]
Action.c(227): web_url("test") was successful, 58599 body bytes, 467 header bytes, 53 chunking overhead bytes  	[MsgId: MMSG-26385]
Action.c(236): web_set_sockets_option started  	[MsgId: MMSG-26355]
Action.c(236): web_set_sockets_option was successful  	[MsgId: MMSG-26392]
Action.c(238): web_add_auto_header("Origin") started  	[MsgId: MMSG-26355]
Action.c(238): web_add_auto_header("Origin") was successful  	[MsgId: MMSG-26392]
Action.c(241): web_custom_request("previewChart") started  	[MsgId: MMSG-26355]
Action.c(241): Error -26611: HTTP Status-Code=500 (Internal Server Error) for "https://dev-boomq.pflb.ru/report-srv/report/previewChart"  	[MsgId: MERR-26611]
End auto log messages stack.	[MsgId: MMSG-10544]


Start auto log messages stack - Iteration 65.	[MsgId: MMSG-10545]
Action.c(220): Registering web_reg_save_param_json was successful  	[MsgId: MMSG-26390]
Action.c(227): web_url("test") started  	[MsgId: MMSG-26355]
Action.c(227): web_url("test") was successful, 58599 body bytes, 467 header bytes, 68 chunking overhead bytes  	[MsgId: MMSG-26385]
Action.c(236): web_set_sockets_option started  	[MsgId: MMSG-26355]
Action.c(236): web_set_sockets_option was successful  	[MsgId: MMSG-26392]
Action.c(238): web_add_auto_header("Origin") started  	[MsgId: MMSG-26355]
Action.c(238): web_add_auto_header("Origin") was successful  	[MsgId: MMSG-26392]
Action.c(241): web_custom_request("previewChart") started  	[MsgId: MMSG-26355]
Action.c(241): Error -26611: HTTP Status-Code=500 (Internal Server Error) for "https://dev-boomq.pflb.ru/report-srv/report/previewChart"  	[MsgId: MERR-26611]
End auto log messages stack.	[MsgId: MMSG-10544]


Start auto log messages stack - Iteration 43.	[MsgId: MMSG-10545]
Action.c(220): Registering web_reg_save_param_json was successful  	[MsgId: MMSG-26390]
Action.c(227): web_url("test") started  	[MsgId: MMSG-26355]
Action.c(227): web_url("test") was successful, 58599 body bytes, 467 header bytes, 68 chunking overhead bytes  	[MsgId: MMSG-26385]
Action.c(236): web_set_sockets_option started  	[MsgId: MMSG-26355]
Action.c(236): web_set_sockets_option was successful  	[MsgId: MMSG-26392]
Action.c(238): web_add_auto_header("Origin") started  	[MsgId: MMSG-26355]
Action.c(238): web_add_auto_header("Origin") was successful  	[MsgId: MMSG-26392]
Action.c(241): web_custom_request("previewChart") started  	[MsgId: MMSG-26355]
Action.c(241): Error -26611: HTTP Status-Code=500 (Internal Server Error) for "https://dev-boomq.pflb.ru/report-srv/report/previewChart"  	[MsgId: MERR-26611]
End auto log messages stack.	[MsgId: MMSG-10544]


Start auto log messages stack - Iteration 19.	[MsgId: MMSG-10545]
Action.c(220): Registering web_reg_save_param_json was successful  	[MsgId: MMSG-26390]
Action.c(227): web_url("test") started  	[MsgId: MMSG-26355]
Action.c(227): web_url("test") was successful, 58599 body bytes, 467 header bytes, 68 chunking overhead bytes  	[MsgId: MMSG-26385]
Action.c(236): web_set_sockets_option started  	[MsgId: MMSG-26355]
Action.c(236): web_set_sockets_option was successful  	[MsgId: MMSG-26392]
Action.c(238): web_add_auto_header("Origin") started  	[MsgId: MMSG-26355]
Action.c(238): web_add_auto_header("Origin") was successful  	[MsgId: MMSG-26392]
Action.c(241): web_custom_request("previewChart") started  	[MsgId: MMSG-26355]
Action.c(241): Error -26611: HTTP Status-Code=500 (Internal Server Error) for "https://dev-boomq.pflb.ru/report-srv/report/previewChart"  	[MsgId: MERR-26611]
End auto log messages stack.	[MsgId: MMSG-10544]


Start auto log messages stack - Iteration 68.	[MsgId: MMSG-10545]
Action.c(220): Registering web_reg_save_param_json was successful  	[MsgId: MMSG-26390]
Action.c(227): web_url("test") started  	[MsgId: MMSG-26355]
Action.c(227): web_url("test") was successful, 58599 body bytes, 467 header bytes, 45 chunking overhead bytes  	[MsgId: MMSG-26385]
Action.c(236): web_set_sockets_option started  	[MsgId: MMSG-26355]
Action.c(236): web_set_sockets_option was successful  	[MsgId: MMSG-26392]
Action.c(238): web_add_auto_header("Origin") started  	[MsgId: MMSG-26355]
Action.c(238): web_add_auto_header("Origin") was successful  	[MsgId: MMSG-26392]
Action.c(241): web_custom_request("previewChart") started  	[MsgId: MMSG-26355]
Action.c(241): Error -26611: HTTP Status-Code=500 (Internal Server Error) for "https://dev-boomq.pflb.ru/report-srv/report/previewChart"  	[MsgId: MERR-26611]
End auto log messages stack.	[MsgId: MMSG-10544]


Start auto log messages stack - Iteration 46.	[MsgId: MMSG-10545]
Action.c(220): Registering web_reg_save_param_json was successful  	[MsgId: MMSG-26390]
Action.c(227): web_url("test") started  	[MsgId: MMSG-26355]
Action.c(227): web_url("test") was successful, 58599 body bytes, 467 header bytes, 68 chunking overhead bytes  	[MsgId: MMSG-26385]
Action.c(236): web_set_sockets_option started  	[MsgId: MMSG-26355]
Action.c(236): web_set_sockets_option was successful  	[MsgId: MMSG-26392]
Action.c(238): web_add_auto_header("Origin") started  	[MsgId: MMSG-26355]
Action.c(238): web_add_auto_header("Origin") was successful  	[MsgId: MMSG-26392]
Action.c(241): web_custom_request("previewChart") started  	[MsgId: MMSG-26355]
Action.c(241): Error -26611: HTTP Status-Code=500 (Internal Server Error) for "https://dev-boomq.pflb.ru/report-srv/report/previewChart"  	[MsgId: MERR-26611]
End auto log messages stack.	[MsgId: MMSG-10544]


