Start auto log messages stack - Iteration 57.	[MsgId: MMSG-10545]
Action.c(18): web_add_header("Upgrade-Insecure-Requests") was successful  	[MsgId: MMSG-26392]
Action.c(21): web_add_auto_header("sec-ch-ua") started  	[MsgId: MMSG-26355]
Action.c(21): web_add_auto_header("sec-ch-ua") was successful  	[MsgId: MMSG-26392]
Action.c(24): web_add_auto_header("sec-ch-ua-mobile") started  	[MsgId: MMSG-26355]
Action.c(24): web_add_auto_header("sec-ch-ua-mobile") was successful  	[MsgId: MMSG-26392]
Action.c(27): web_add_auto_header("sec-ch-ua-platform") started  	[MsgId: MMSG-26355]
Action.c(27): web_add_auto_header("sec-ch-ua-platform") was successful  	[MsgId: MMSG-26392]
Action.c(30): web_url("dev-boomq.pflb.ru") started  	[MsgId: MMSG-26355]
Action.c(30): Error -27792: Failed to connect to server "dev-boomq.pflb.ru:443": [10060] Connection timed out  	[MsgId: MERR-27792]
End auto log messages stack.	[MsgId: MMSG-10544]


Start auto log messages stack - Iteration 138.	[MsgId: MMSG-10545]
Action.c(140): web_add_auto_header("Authorization") started  	[MsgId: MMSG-26355]
Action.c(140): Warning -26592: The header being added may cause unpredictable results when applied to all ensuing URLs. It is added anyway  	[MsgId: MWAR-26592]
Action.c(140): web_add_auto_header("Authorization") highest severity level was "warning"  	[MsgId: MMSG-26391]
Action.c(143): web_url("testRunner") started  	[MsgId: MMSG-26355]
Action.c(143): web_url("testRunner") was successful, 534 body bytes, 338 header bytes  	[MsgId: MMSG-26386]
Action.c(152): Notify: Transaction "UC05_TR01_Authorization" ended with a "Pass" status (Duration: 0,8748 Wasted Time: 0,0002).	[MsgId: MMSG-16871]
Action.c(154): lr_think_time: 5,00 seconds.	[MsgId: MMSG-15948]
Action.c(156): Notify: Transaction "UC05_TR02_Trending" started.	[MsgId: MMSG-16999]
Action.c(158): web_url("slaReportProfile") started  	[MsgId: MMSG-26355]
Action.c(158): Error -27760: Request "https://dev-boomq.pflb.ru/test-srv/slaReportProfile" failed  	[MsgId: MERR-27760]
End auto log messages stack.	[MsgId: MMSG-10544]


Start auto log messages stack - Iteration 306.	[MsgId: MMSG-10545]
Action.c(143): web_url("testRunner") started  	[MsgId: MMSG-26355]
Action.c(143): web_url("testRunner") was successful, 534 body bytes, 338 header bytes  	[MsgId: MMSG-26386]
Action.c(152): Notify: Transaction "UC05_TR01_Authorization" ended with a "Pass" status (Duration: 0,9224 Wasted Time: 0,0002).	[MsgId: MMSG-16871]
Action.c(154): lr_think_time: 5,00 seconds.	[MsgId: MMSG-15948]
Action.c(156): Notify: Transaction "UC05_TR02_Trending" started.	[MsgId: MMSG-16999]
Action.c(158): web_url("slaReportProfile") started  	[MsgId: MMSG-26355]
Action.c(158): Downloading resource "https://dev-boomq.pflb.ru/static/media/arrow_down.6be88730f13ef3a159f4ef4438670da1.svg" (specified by argument number 9)  	[MsgId: MMSG-26576]
Action.c(158): Downloading resource "https://dev-boomq.pflb.ru/static/media/arrow.659530470e6be7b696f0d3d15a3179f5.svg" (specified by argument number 12)  	[MsgId: MMSG-26576]
Action.c(158): Error -26611: HTTP Status-Code=500 (Internal Server Error) for "https://dev-boomq.pflb.ru/test-srv/slaReportProfile"  	[MsgId: MERR-26611]
End auto log messages stack.	[MsgId: MMSG-10544]


Start auto log messages stack - Iteration 307.	[MsgId: MMSG-10545]
Action.c(143): web_url("testRunner") started  	[MsgId: MMSG-26355]
Action.c(143): web_url("testRunner") was successful, 534 body bytes, 338 header bytes  	[MsgId: MMSG-26386]
Action.c(152): Notify: Transaction "UC05_TR01_Authorization" ended with a "Pass" status (Duration: 0,9679 Wasted Time: 0,0002).	[MsgId: MMSG-16871]
Action.c(154): lr_think_time: 5,00 seconds.	[MsgId: MMSG-15948]
Action.c(156): Notify: Transaction "UC05_TR02_Trending" started.	[MsgId: MMSG-16999]
Action.c(158): web_url("slaReportProfile") started  	[MsgId: MMSG-26355]
Action.c(158): Downloading resource "https://dev-boomq.pflb.ru/static/media/arrow_down.6be88730f13ef3a159f4ef4438670da1.svg" (specified by argument number 9)  	[MsgId: MMSG-26576]
Action.c(158): Downloading resource "https://dev-boomq.pflb.ru/static/media/arrow.659530470e6be7b696f0d3d15a3179f5.svg" (specified by argument number 12)  	[MsgId: MMSG-26576]
Action.c(158): Error -26611: HTTP Status-Code=500 (Internal Server Error) for "https://dev-boomq.pflb.ru/test-srv/slaReportProfile"  	[MsgId: MERR-26611]
End auto log messages stack.	[MsgId: MMSG-10544]


Start auto log messages stack - Iteration 308.	[MsgId: MMSG-10545]
Action.c(143): web_url("testRunner") started  	[MsgId: MMSG-26355]
Action.c(143): web_url("testRunner") was successful, 534 body bytes, 338 header bytes  	[MsgId: MMSG-26386]
Action.c(152): Notify: Transaction "UC05_TR01_Authorization" ended with a "Pass" status (Duration: 0,8981 Wasted Time: 0,0003).	[MsgId: MMSG-16871]
Action.c(154): lr_think_time: 5,00 seconds.	[MsgId: MMSG-15948]
Action.c(156): Notify: Transaction "UC05_TR02_Trending" started.	[MsgId: MMSG-16999]
Action.c(158): web_url("slaReportProfile") started  	[MsgId: MMSG-26355]
Action.c(158): Downloading resource "https://dev-boomq.pflb.ru/static/media/arrow_down.6be88730f13ef3a159f4ef4438670da1.svg" (specified by argument number 9)  	[MsgId: MMSG-26576]
Action.c(158): Downloading resource "https://dev-boomq.pflb.ru/static/media/arrow.659530470e6be7b696f0d3d15a3179f5.svg" (specified by argument number 12)  	[MsgId: MMSG-26576]
Action.c(158): Error -26611: HTTP Status-Code=500 (Internal Server Error) for "https://dev-boomq.pflb.ru/test-srv/slaReportProfile"  	[MsgId: MERR-26611]
End auto log messages stack.	[MsgId: MMSG-10544]


