Virtual User Script started at: 07.09.2024 14:11:05
Starting action vuser_init.
Web Turbo Replay of LoadRunner 2024.1.0 for Windows 11; build 667 (фев 07 2024 17:45:41)  	[MsgId: MMSG-26983]
Run mode: HTML  	[MsgId: MMSG-26993]
Replay user agent: Vivaldi/6.8.3381.57 WinSparkle/0.5.2 (Win64)  	[MsgId: MMSG-26988]
Runtime Settings file: "C:\DZ_Load_Runner\GROUP_2_Project\запуск 7 09.09.2024\UC05_Boomq_CreateTrendReport\\default.cfg"  	[MsgId: MMSG-27141]
Ending action vuser_init.
Running Vuser...
Starting iteration 1.
Maximum number of concurrent connections per server: 2  	[MsgId: MMSG-26989]
Starting action Action.
Action.c(3): web_set_sockets_option started  	[MsgId: MMSG-26355]
Action.c(3): web_set_sockets_option was successful  	[MsgId: MMSG-26392]
Action.c(5): web_add_header("Sec-Fetch-Site") started  	[MsgId: MMSG-26355]
Action.c(5): web_add_header("Sec-Fetch-Site") was successful  	[MsgId: MMSG-26392]
Action.c(9): web_add_header("Sec-Fetch-Mode") started  	[MsgId: MMSG-26355]
Action.c(9): web_add_header("Sec-Fetch-Mode") was successful  	[MsgId: MMSG-26392]
Action.c(12): web_add_header("Sec-Fetch-Dest") started  	[MsgId: MMSG-26355]
Action.c(12): web_add_header("Sec-Fetch-Dest") was successful  	[MsgId: MMSG-26392]
Action.c(15): web_add_header("Sec-Fetch-User") started  	[MsgId: MMSG-26355]
Action.c(15): web_add_header("Sec-Fetch-User") was successful  	[MsgId: MMSG-26392]
Action.c(18): web_add_header("Upgrade-Insecure-Requests") started  	[MsgId: MMSG-26355]
Action.c(18): web_add_header("Upgrade-Insecure-Requests") was successful  	[MsgId: MMSG-26392]
Action.c(21): web_add_auto_header("sec-ch-ua") started  	[MsgId: MMSG-26355]
Action.c(21): web_add_auto_header("sec-ch-ua") was successful  	[MsgId: MMSG-26392]
Action.c(24): web_add_auto_header("sec-ch-ua-mobile") started  	[MsgId: MMSG-26355]
Action.c(24): web_add_auto_header("sec-ch-ua-mobile") was successful  	[MsgId: MMSG-26392]
Action.c(27): web_add_auto_header("sec-ch-ua-platform") started  	[MsgId: MMSG-26355]
Action.c(27): web_add_auto_header("sec-ch-ua-platform") was successful  	[MsgId: MMSG-26392]
Action.c(30): web_url("dev-boomq.pflb.ru") started  	[MsgId: MMSG-26355]
Action.c(30): Found resource "https://dev-boomq.pflb.ru/static/js/main.cddf1824.js" in HTML "https://dev-boomq.pflb.ru/"  	[MsgId: MMSG-26659]
Action.c(30): Found resource "https://dev-boomq.pflb.ru/static/css/main.64a4c65b.css" in HTML "https://dev-boomq.pflb.ru/"  	[MsgId: MMSG-26659]
Action.c(30): web_url("dev-boomq.pflb.ru") was successful, 3626187 body bytes, 835 header bytes  	[MsgId: MMSG-26386]
Action.c(38): Notify: Transaction "UC05_TR01_Authorization" started.
Action.c(40): web_add_header("Origin") started  	[MsgId: MMSG-26355]
Action.c(40): web_add_header("Origin") was successful  	[MsgId: MMSG-26392]
Action.c(43): web_add_auto_header("Sec-Fetch-Dest") started  	[MsgId: MMSG-26355]
Action.c(43): web_add_auto_header("Sec-Fetch-Dest") was successful  	[MsgId: MMSG-26392]
Action.c(46): web_add_auto_header("Sec-Fetch-Mode") started  	[MsgId: MMSG-26355]
Action.c(46): web_add_auto_header("Sec-Fetch-Mode") was successful  	[MsgId: MMSG-26392]
Action.c(49): web_add_auto_header("Sec-Fetch-Site") started  	[MsgId: MMSG-26355]
Action.c(49): web_add_auto_header("Sec-Fetch-Site") was successful  	[MsgId: MMSG-26392]
Action.c(52): web_add_header("X-Client-Date") started  	[MsgId: MMSG-26355]
Action.c(52): web_add_header("X-Client-Date") was successful  	[MsgId: MMSG-26392]
Action.c(55): web_set_max_html_param_len started  	[MsgId: MMSG-26355]
Action.c(55): web_set_max_html_param_len was successful  	[MsgId: MMSG-26392]
Action.c(57): web_reg_save_param started  	[MsgId: MMSG-26355]
Action.c(57): Registering web_reg_save_param was successful  	[MsgId: MMSG-26390]
Action.c(62): web_submit_data("login") started  	[MsgId: MMSG-26355]
Action.c(62): web_submit_data("login") was successful, 0 body bytes, 1965 header bytes  	[MsgId: MMSG-26386]
Action.c(75): web_url("modelSchema") started  	[MsgId: MMSG-26355]
Action.c(75): web_url("modelSchema") was successful, 66848 body bytes, 427 header bytes  	[MsgId: MMSG-26386]
Action.c(84): web_add_auto_header("Authorization") started  	[MsgId: MMSG-26355]
Action.c(84): Warning -26592: The header being added may cause unpredictable results when applied to all ensuing URLs. It is added anyway  	[MsgId: MWAR-26592]
Action.c(84): web_add_auto_header("Authorization") highest severity level was "warning"  	[MsgId: MMSG-26391]
Action.c(87): web_reg_save_param_json started  	[MsgId: MMSG-26355]
Action.c(87): Registering web_reg_save_param_json was successful  	[MsgId: MMSG-26390]
Action.c(93): web_url("user") started  	[MsgId: MMSG-26355]
Action.c(93): web_url("user") was successful, 177 body bytes, 492 header bytes  	[MsgId: MMSG-26386]
Action.c(102): web_url("identityProvider") started  	[MsgId: MMSG-26355]
Action.c(102): web_url("identityProvider") was successful, 2 body bytes, 492 header bytes  	[MsgId: MMSG-26386]
Action.c(111): web_reg_save_param_json started  	[MsgId: MMSG-26355]
Action.c(111): Registering web_reg_save_param_json was successful  	[MsgId: MMSG-26390]
Action.c(117): web_url("team") started  	[MsgId: MMSG-26355]
Action.c(117): web_url("team") was successful, 588 body bytes, 492 header bytes  	[MsgId: MMSG-26386]
Action.c(126): web_reg_save_param started  	[MsgId: MMSG-26355]
Action.c(126): Registering web_reg_save_param was successful  	[MsgId: MMSG-26390]
Action.c(131): web_url("teamContext") started  	[MsgId: MMSG-26355]
Action.c(131): web_url("teamContext") was successful, 314 body bytes, 2998 header bytes  	[MsgId: MMSG-26386]
Action.c(140): web_add_auto_header("Authorization") started  	[MsgId: MMSG-26355]
Action.c(140): Warning -26592: The header being added may cause unpredictable results when applied to all ensuing URLs. It is added anyway  	[MsgId: MWAR-26592]
Action.c(140): web_add_auto_header("Authorization") highest severity level was "warning"  	[MsgId: MMSG-26391]
Action.c(143): web_url("testRunner") started  	[MsgId: MMSG-26355]
Action.c(143): web_url("testRunner") was successful, 534 body bytes, 338 header bytes  	[MsgId: MMSG-26386]
Action.c(152): Notify: Transaction "UC05_TR01_Authorization" ended with a "Pass" status (Duration: 1,2307 Wasted Time: 0,0399).
Action.c(154): lr_think_time: 5,00 seconds.
Action.c(156): Notify: Transaction "UC05_TR02_Trending" started.
Action.c(158): web_url("slaReportProfile") started  	[MsgId: MMSG-26355]
Action.c(158): Downloading resource "https://dev-boomq.pflb.ru/static/media/arrow_down.6be88730f13ef3a159f4ef4438670da1.svg" (specified by argument number 9)  	[MsgId: MMSG-26576]
Action.c(158): Downloading resource "https://dev-boomq.pflb.ru/static/media/arrow.659530470e6be7b696f0d3d15a3179f5.svg" (specified by argument number 12)  	[MsgId: MMSG-26576]
Action.c(158): web_url("slaReportProfile") was successful, 210218 body bytes, 956 header bytes  	[MsgId: MMSG-26386]
Action.c(170): Notify: Transaction "UC05_TR02_Trending" ended with a "Pass" status (Duration: 0,8564 Wasted Time: 0,0108).
Action.c(172): lr_think_time: 5,00 seconds.
Action.c(174): Notify: Transaction "UC05_TR03_Add_New_Trend_Report" started.
Action.c(177): web_url("project") started  	[MsgId: MMSG-26355]
Action.c(177): web_url("project") was successful, 641499 body bytes, 427 header bytes  	[MsgId: MMSG-26386]
Action.c(187): web_url("test") started  	[MsgId: MMSG-26355]
Action.c(187): web_url("test") was successful, 28861 body bytes, 427 header bytes  	[MsgId: MMSG-26386]
Action.c(197): web_set_sockets_option started  	[MsgId: MMSG-26355]
Action.c(197): web_set_sockets_option was successful  	[MsgId: MMSG-26392]
Action.c(199): web_add_auto_header("Origin") started  	[MsgId: MMSG-26355]
Action.c(199): web_add_auto_header("Origin") was successful  	[MsgId: MMSG-26392]
Action.c(202): web_custom_request("slaTypeList") started  	[MsgId: MMSG-26355]
Action.c(202): web_custom_request("slaTypeList") was successful, 103 body bytes, 427 header bytes  	[MsgId: MMSG-26386]
Action.c(214): web_custom_request("previewReport") started  	[MsgId: MMSG-26355]
Action.c(214): web_custom_request("previewReport") was successful, 900 body bytes, 427 header bytes  	[MsgId: MMSG-26386]
Action.c(226): Notify: Transaction "UC05_TR03_Add_New_Trend_Report" ended with a "Pass" status (Duration: 2,6936 Wasted Time: 0,0514).
Action.c(228): lr_think_time: 10,00 seconds.
Action.c(230): Notify: Transaction "UC05_TR04_Trend_Report_Items" started.
Action.c(232): web_custom_request("previewReport_2") started  	[MsgId: MMSG-26355]
Action.c(232): web_custom_request("previewReport_2") was successful, 1402 body bytes, 427 header bytes  	[MsgId: MMSG-26386]
Action.c(244): web_custom_request("previewReport_3") started  	[MsgId: MMSG-26355]
Action.c(244): web_custom_request("previewReport_3") was successful, 1633 body bytes, 427 header bytes  	[MsgId: MMSG-26386]
Action.c(256): web_custom_request("previewReport_4") started  	[MsgId: MMSG-26355]
Action.c(256): web_custom_request("previewReport_4") was successful, 2129 body bytes, 427 header bytes  	[MsgId: MMSG-26386]
Action.c(269): Notify: Transaction "UC05_TR04_Trend_Report_Items" ended with a "Pass" status (Duration: 0,4208 Wasted Time: 0,0136).
Action.c(271): Notify: Transaction "UC05_TR05_Save_Trend_Report" started.
Action.c(275): web_reg_save_param_json started  	[MsgId: MMSG-26355]
Action.c(275): Registering web_reg_save_param_json was successful  	[MsgId: MMSG-26390]
Action.c(281): web_custom_request("slaReportProfile_2") started  	[MsgId: MMSG-26355]
Action.c(281): web_custom_request("slaReportProfile_2") was successful, 736 body bytes, 427 header bytes  	[MsgId: MMSG-26386]
Action.c(294): Notify: Transaction "UC05_TR05_Save_Trend_Report" ended with a "Pass" status (Duration: 0,1862 Wasted Time: 0,0086).
Ending action Action.
Ending iteration 1.
Ending Vuser...
Starting action vuser_end.
Ending action vuser_end.
Vuser Terminated.
